2023-12-07 11:48:33 INFO  [background-preinit] o.h.validator.internal.util.Version - HV000001: Hibernate Validator 6.2.3.Final
2023-12-07 11:48:34 INFO  [main] c.m.demo.config.server.ConfigServer - No active profile set, falling back to 1 default profile: "default"
2023-12-07 11:48:35 INFO  [main] o.s.cloud.context.scope.GenericScope - BeanFactory id=a21ba6fa-bae9-36f7-b011-05a6ce7542de
2023-12-07 11:48:35 INFO  [main] o.s.b.w.e.tomcat.TomcatWebServer - Tomcat initialized with port(s): 8888 (http)
2023-12-07 11:48:35 INFO  [main] o.a.coyote.http11.Http11NioProtocol - Initializing ProtocolHandler ["http-nio-8888"]
2023-12-07 11:48:35 INFO  [main] o.a.catalina.core.StandardService - Starting service [Tomcat]
2023-12-07 11:48:35 INFO  [main] o.a.catalina.core.StandardEngine - Starting Servlet engine: [Apache Tomcat/9.0.62]
2023-12-07 11:48:35 INFO  [main] o.a.c.c.C.[Tomcat].[localhost].[/] - Initializing Spring embedded WebApplicationContext
2023-12-07 11:48:35 INFO  [main] o.s.b.w.s.c.ServletWebServerApplicationContext - Root WebApplicationContext: initialization completed in 1330 ms
2023-12-07 11:48:36 DEBUG [main] o.s.c.c.s.s.GitCredentialsProviderFactory - No credentials provider required for URI https://github.com/muditshukla3/config-server-repository
2023-12-07 11:48:39 INFO  [main] o.a.coyote.http11.Http11NioProtocol - Starting ProtocolHandler ["http-nio-8888"]
2023-12-07 11:48:39 INFO  [main] o.s.b.w.e.tomcat.TomcatWebServer - Tomcat started on port(s): 8888 (http) with context path ''
2023-12-07 11:48:39 INFO  [main] c.m.demo.config.server.ConfigServer - Started ConfigServer in 6.245 seconds (JVM running for 7.403)
2023-12-07 11:48:49 INFO  [http-nio-8888-exec-1] o.a.c.c.C.[Tomcat].[localhost].[/] - Initializing Spring DispatcherServlet 'dispatcherServlet'
2023-12-07 11:48:49 INFO  [http-nio-8888-exec-1] o.s.web.servlet.DispatcherServlet - Initializing Servlet 'dispatcherServlet'
2023-12-07 11:48:49 INFO  [http-nio-8888-exec-1] o.s.web.servlet.DispatcherServlet - Completed initialization in 3 ms
2023-12-07 11:48:49 DEBUG [http-nio-8888-exec-1] o.s.c.c.s.s.GitCredentialsProviderFactory - No credentials provider required for URI https://github.com/muditshukla3/config-server-repository
2023-12-07 11:48:50 INFO  [http-nio-8888-exec-1] o.s.c.c.s.e.NativeEnvironmentRepository - Adding property source: Config resource 'file [/var/folders/y7/463gqn2s32d73w4r2brhf8y40000gn/T/config-repo-5960131971147029834/config-client-twitter-to-kafka.yml]' via location 'file:/var/folders/y7/463gqn2s32d73w4r2brhf8y40000gn/T/config-repo-5960131971147029834/'
2023-12-07 11:48:50 INFO  [http-nio-8888-exec-1] o.s.c.c.s.e.NativeEnvironmentRepository - Adding property source: Config resource 'file [/var/folders/y7/463gqn2s32d73w4r2brhf8y40000gn/T/config-repo-5960131971147029834/config-client.yml]' via location 'file:/var/folders/y7/463gqn2s32d73w4r2brhf8y40000gn/T/config-repo-5960131971147029834/'
2023-12-07 11:49:44 DEBUG [http-nio-8888-exec-2] o.s.c.c.s.s.GitCredentialsProviderFactory - No credentials provider required for URI https://github.com/muditshukla3/config-server-repository
2023-12-07 11:49:45 INFO  [http-nio-8888-exec-2] o.s.c.c.s.e.NativeEnvironmentRepository - Adding property source: Config resource 'file [/var/folders/y7/463gqn2s32d73w4r2brhf8y40000gn/T/config-repo-5960131971147029834/config-client-kafka-to-elastic.yml]' via location 'file:/var/folders/y7/463gqn2s32d73w4r2brhf8y40000gn/T/config-repo-5960131971147029834/'
2023-12-07 11:49:45 INFO  [http-nio-8888-exec-2] o.s.c.c.s.e.NativeEnvironmentRepository - Adding property source: Config resource 'file [/var/folders/y7/463gqn2s32d73w4r2brhf8y40000gn/T/config-repo-5960131971147029834/config-client.yml]' via location 'file:/var/folders/y7/463gqn2s32d73w4r2brhf8y40000gn/T/config-repo-5960131971147029834/'
2023-12-07 11:59:01 DEBUG [http-nio-8888-exec-5] o.s.c.c.s.s.GitCredentialsProviderFactory - No credentials provider required for URI https://github.com/muditshukla3/config-server-repository
2023-12-07 11:59:02 INFO  [http-nio-8888-exec-5] o.s.c.c.s.e.NativeEnvironmentRepository - Adding property source: Config resource 'file [/var/folders/y7/463gqn2s32d73w4r2brhf8y40000gn/T/config-repo-5960131971147029834/config-client-kafka-to-elastic.yml]' via location 'file:/var/folders/y7/463gqn2s32d73w4r2brhf8y40000gn/T/config-repo-5960131971147029834/'
2023-12-07 11:59:02 INFO  [http-nio-8888-exec-5] o.s.c.c.s.e.NativeEnvironmentRepository - Adding property source: Config resource 'file [/var/folders/y7/463gqn2s32d73w4r2brhf8y40000gn/T/config-repo-5960131971147029834/config-client.yml]' via location 'file:/var/folders/y7/463gqn2s32d73w4r2brhf8y40000gn/T/config-repo-5960131971147029834/'
2023-12-07 12:05:09 DEBUG [http-nio-8888-exec-7] o.s.c.c.s.s.GitCredentialsProviderFactory - No credentials provider required for URI https://github.com/muditshukla3/config-server-repository
2023-12-07 12:05:10 INFO  [http-nio-8888-exec-7] o.s.c.c.s.e.NativeEnvironmentRepository - Adding property source: Config resource 'file [/var/folders/y7/463gqn2s32d73w4r2brhf8y40000gn/T/config-repo-5960131971147029834/config-client-kafka-to-elastic.yml]' via location 'file:/var/folders/y7/463gqn2s32d73w4r2brhf8y40000gn/T/config-repo-5960131971147029834/'
2023-12-07 12:05:10 INFO  [http-nio-8888-exec-7] o.s.c.c.s.e.NativeEnvironmentRepository - Adding property source: Config resource 'file [/var/folders/y7/463gqn2s32d73w4r2brhf8y40000gn/T/config-repo-5960131971147029834/config-client.yml]' via location 'file:/var/folders/y7/463gqn2s32d73w4r2brhf8y40000gn/T/config-repo-5960131971147029834/'
2023-12-07 12:10:00 DEBUG [http-nio-8888-exec-9] o.s.c.c.s.s.GitCredentialsProviderFactory - No credentials provider required for URI https://github.com/muditshukla3/config-server-repository
2023-12-07 12:10:01 INFO  [http-nio-8888-exec-9] o.s.c.c.s.e.NativeEnvironmentRepository - Adding property source: Config resource 'file [/var/folders/y7/463gqn2s32d73w4r2brhf8y40000gn/T/config-repo-5960131971147029834/config-client-kafka-to-elastic.yml]' via location 'file:/var/folders/y7/463gqn2s32d73w4r2brhf8y40000gn/T/config-repo-5960131971147029834/'
2023-12-07 12:10:01 INFO  [http-nio-8888-exec-9] o.s.c.c.s.e.NativeEnvironmentRepository - Adding property source: Config resource 'file [/var/folders/y7/463gqn2s32d73w4r2brhf8y40000gn/T/config-repo-5960131971147029834/config-client.yml]' via location 'file:/var/folders/y7/463gqn2s32d73w4r2brhf8y40000gn/T/config-repo-5960131971147029834/'
2023-12-07 12:13:59 DEBUG [http-nio-8888-exec-1] o.s.c.c.s.s.GitCredentialsProviderFactory - No credentials provider required for URI https://github.com/muditshukla3/config-server-repository
2023-12-07 12:14:00 INFO  [http-nio-8888-exec-1] o.s.c.c.s.e.NativeEnvironmentRepository - Adding property source: Config resource 'file [/var/folders/y7/463gqn2s32d73w4r2brhf8y40000gn/T/config-repo-5960131971147029834/config-client-kafka-to-elastic.yml]' via location 'file:/var/folders/y7/463gqn2s32d73w4r2brhf8y40000gn/T/config-repo-5960131971147029834/'
2023-12-07 12:14:00 INFO  [http-nio-8888-exec-1] o.s.c.c.s.e.NativeEnvironmentRepository - Adding property source: Config resource 'file [/var/folders/y7/463gqn2s32d73w4r2brhf8y40000gn/T/config-repo-5960131971147029834/config-client.yml]' via location 'file:/var/folders/y7/463gqn2s32d73w4r2brhf8y40000gn/T/config-repo-5960131971147029834/'
2023-12-07 12:47:15 DEBUG [http-nio-8888-exec-3] o.s.c.c.s.s.GitCredentialsProviderFactory - No credentials provider required for URI https://github.com/muditshukla3/config-server-repository
2023-12-07 12:47:17 INFO  [http-nio-8888-exec-3] o.s.c.c.s.e.NativeEnvironmentRepository - Adding property source: Config resource 'file [/var/folders/y7/463gqn2s32d73w4r2brhf8y40000gn/T/config-repo-5960131971147029834/config-client-kafka-to-elastic.yml]' via location 'file:/var/folders/y7/463gqn2s32d73w4r2brhf8y40000gn/T/config-repo-5960131971147029834/'
2023-12-07 12:47:17 INFO  [http-nio-8888-exec-3] o.s.c.c.s.e.NativeEnvironmentRepository - Adding property source: Config resource 'file [/var/folders/y7/463gqn2s32d73w4r2brhf8y40000gn/T/config-repo-5960131971147029834/config-client.yml]' via location 'file:/var/folders/y7/463gqn2s32d73w4r2brhf8y40000gn/T/config-repo-5960131971147029834/'
2023-12-07 12:50:54 DEBUG [http-nio-8888-exec-5] o.s.c.c.s.s.GitCredentialsProviderFactory - No credentials provider required for URI https://github.com/muditshukla3/config-server-repository
2023-12-07 12:50:55 INFO  [http-nio-8888-exec-5] o.s.c.c.s.e.NativeEnvironmentRepository - Adding property source: Config resource 'file [/var/folders/y7/463gqn2s32d73w4r2brhf8y40000gn/T/config-repo-5960131971147029834/config-client-kafka-to-elastic.yml]' via location 'file:/var/folders/y7/463gqn2s32d73w4r2brhf8y40000gn/T/config-repo-5960131971147029834/'
2023-12-07 12:50:55 INFO  [http-nio-8888-exec-5] o.s.c.c.s.e.NativeEnvironmentRepository - Adding property source: Config resource 'file [/var/folders/y7/463gqn2s32d73w4r2brhf8y40000gn/T/config-repo-5960131971147029834/config-client.yml]' via location 'file:/var/folders/y7/463gqn2s32d73w4r2brhf8y40000gn/T/config-repo-5960131971147029834/'
2023-12-07 12:55:06 DEBUG [http-nio-8888-exec-7] o.s.c.c.s.s.GitCredentialsProviderFactory - No credentials provider required for URI https://github.com/muditshukla3/config-server-repository
2023-12-07 12:55:07 INFO  [http-nio-8888-exec-7] o.s.c.c.s.e.NativeEnvironmentRepository - Adding property source: Config resource 'file [/var/folders/y7/463gqn2s32d73w4r2brhf8y40000gn/T/config-repo-5960131971147029834/config-client-kafka-to-elastic.yml]' via location 'file:/var/folders/y7/463gqn2s32d73w4r2brhf8y40000gn/T/config-repo-5960131971147029834/'
2023-12-07 12:55:07 INFO  [http-nio-8888-exec-7] o.s.c.c.s.e.NativeEnvironmentRepository - Adding property source: Config resource 'file [/var/folders/y7/463gqn2s32d73w4r2brhf8y40000gn/T/config-repo-5960131971147029834/config-client.yml]' via location 'file:/var/folders/y7/463gqn2s32d73w4r2brhf8y40000gn/T/config-repo-5960131971147029834/'
2023-12-07 12:55:59 DEBUG [http-nio-8888-exec-9] o.s.c.c.s.s.GitCredentialsProviderFactory - No credentials provider required for URI https://github.com/muditshukla3/config-server-repository
2023-12-07 12:56:00 INFO  [http-nio-8888-exec-9] o.s.c.c.s.e.NativeEnvironmentRepository - Adding property source: Config resource 'file [/var/folders/y7/463gqn2s32d73w4r2brhf8y40000gn/T/config-repo-5960131971147029834/config-client-kafka-to-elastic.yml]' via location 'file:/var/folders/y7/463gqn2s32d73w4r2brhf8y40000gn/T/config-repo-5960131971147029834/'
2023-12-07 12:56:00 INFO  [http-nio-8888-exec-9] o.s.c.c.s.e.NativeEnvironmentRepository - Adding property source: Config resource 'file [/var/folders/y7/463gqn2s32d73w4r2brhf8y40000gn/T/config-repo-5960131971147029834/config-client.yml]' via location 'file:/var/folders/y7/463gqn2s32d73w4r2brhf8y40000gn/T/config-repo-5960131971147029834/'
2023-12-07 12:56:47 DEBUG [http-nio-8888-exec-1] o.s.c.c.s.s.GitCredentialsProviderFactory - No credentials provider required for URI https://github.com/muditshukla3/config-server-repository
2023-12-07 12:56:47 INFO  [http-nio-8888-exec-1] o.s.c.c.s.e.NativeEnvironmentRepository - Adding property source: Config resource 'file [/var/folders/y7/463gqn2s32d73w4r2brhf8y40000gn/T/config-repo-5960131971147029834/config-client-kafka-to-elastic.yml]' via location 'file:/var/folders/y7/463gqn2s32d73w4r2brhf8y40000gn/T/config-repo-5960131971147029834/'
2023-12-07 12:56:47 INFO  [http-nio-8888-exec-1] o.s.c.c.s.e.NativeEnvironmentRepository - Adding property source: Config resource 'file [/var/folders/y7/463gqn2s32d73w4r2brhf8y40000gn/T/config-repo-5960131971147029834/config-client.yml]' via location 'file:/var/folders/y7/463gqn2s32d73w4r2brhf8y40000gn/T/config-repo-5960131971147029834/'
2023-12-07 14:26:11 DEBUG [http-nio-8888-exec-3] o.s.c.c.s.s.GitCredentialsProviderFactory - No credentials provider required for URI https://github.com/muditshukla3/config-server-repository
2023-12-07 14:26:12 INFO  [http-nio-8888-exec-3] o.s.c.c.s.e.NativeEnvironmentRepository - Adding property source: Config resource 'file [/var/folders/y7/463gqn2s32d73w4r2brhf8y40000gn/T/config-repo-5960131971147029834/config-client-kafka-to-elastic.yml]' via location 'file:/var/folders/y7/463gqn2s32d73w4r2brhf8y40000gn/T/config-repo-5960131971147029834/'
2023-12-07 14:26:12 INFO  [http-nio-8888-exec-3] o.s.c.c.s.e.NativeEnvironmentRepository - Adding property source: Config resource 'file [/var/folders/y7/463gqn2s32d73w4r2brhf8y40000gn/T/config-repo-5960131971147029834/config-client.yml]' via location 'file:/var/folders/y7/463gqn2s32d73w4r2brhf8y40000gn/T/config-repo-5960131971147029834/'
2023-12-07 14:27:17 DEBUG [http-nio-8888-exec-5] o.s.c.c.s.s.GitCredentialsProviderFactory - No credentials provider required for URI https://github.com/muditshukla3/config-server-repository
2023-12-07 14:27:17 INFO  [http-nio-8888-exec-5] o.s.c.c.s.e.NativeEnvironmentRepository - Adding property source: Config resource 'file [/var/folders/y7/463gqn2s32d73w4r2brhf8y40000gn/T/config-repo-5960131971147029834/config-client-kafka-to-elastic.yml]' via location 'file:/var/folders/y7/463gqn2s32d73w4r2brhf8y40000gn/T/config-repo-5960131971147029834/'
2023-12-07 14:27:17 INFO  [http-nio-8888-exec-5] o.s.c.c.s.e.NativeEnvironmentRepository - Adding property source: Config resource 'file [/var/folders/y7/463gqn2s32d73w4r2brhf8y40000gn/T/config-repo-5960131971147029834/config-client.yml]' via location 'file:/var/folders/y7/463gqn2s32d73w4r2brhf8y40000gn/T/config-repo-5960131971147029834/'
2023-12-07 14:35:09 DEBUG [http-nio-8888-exec-7] o.s.c.c.s.s.GitCredentialsProviderFactory - No credentials provider required for URI https://github.com/muditshukla3/config-server-repository
2023-12-07 14:35:11 INFO  [http-nio-8888-exec-7] o.s.c.c.s.e.NativeEnvironmentRepository - Adding property source: Config resource 'file [/var/folders/y7/463gqn2s32d73w4r2brhf8y40000gn/T/config-repo-5960131971147029834/config-client-kafka-to-elastic.yml]' via location 'file:/var/folders/y7/463gqn2s32d73w4r2brhf8y40000gn/T/config-repo-5960131971147029834/'
2023-12-07 14:35:11 INFO  [http-nio-8888-exec-7] o.s.c.c.s.e.NativeEnvironmentRepository - Adding property source: Config resource 'file [/var/folders/y7/463gqn2s32d73w4r2brhf8y40000gn/T/config-repo-5960131971147029834/config-client.yml]' via location 'file:/var/folders/y7/463gqn2s32d73w4r2brhf8y40000gn/T/config-repo-5960131971147029834/'
2023-12-07 14:37:02 DEBUG [http-nio-8888-exec-9] o.s.c.c.s.s.GitCredentialsProviderFactory - No credentials provider required for URI https://github.com/muditshukla3/config-server-repository
2023-12-07 14:37:03 INFO  [http-nio-8888-exec-9] o.s.c.c.s.e.NativeEnvironmentRepository - Adding property source: Config resource 'file [/var/folders/y7/463gqn2s32d73w4r2brhf8y40000gn/T/config-repo-5960131971147029834/config-client-kafka-to-elastic.yml]' via location 'file:/var/folders/y7/463gqn2s32d73w4r2brhf8y40000gn/T/config-repo-5960131971147029834/'
2023-12-07 14:37:03 INFO  [http-nio-8888-exec-9] o.s.c.c.s.e.NativeEnvironmentRepository - Adding property source: Config resource 'file [/var/folders/y7/463gqn2s32d73w4r2brhf8y40000gn/T/config-repo-5960131971147029834/config-client.yml]' via location 'file:/var/folders/y7/463gqn2s32d73w4r2brhf8y40000gn/T/config-repo-5960131971147029834/'
2023-12-07 15:13:13 INFO  [background-preinit] o.h.validator.internal.util.Version - HV000001: Hibernate Validator 6.2.3.Final
2023-12-07 15:13:13 INFO  [main] c.m.demo.config.server.ConfigServer - No active profile set, falling back to 1 default profile: "default"
2023-12-07 15:13:15 INFO  [main] o.s.cloud.context.scope.GenericScope - BeanFactory id=a21ba6fa-bae9-36f7-b011-05a6ce7542de
2023-12-07 15:13:15 INFO  [main] o.s.b.w.e.tomcat.TomcatWebServer - Tomcat initialized with port(s): 8888 (http)
2023-12-07 15:13:15 INFO  [main] o.a.coyote.http11.Http11NioProtocol - Initializing ProtocolHandler ["http-nio-8888"]
2023-12-07 15:13:15 INFO  [main] o.a.catalina.core.StandardService - Starting service [Tomcat]
2023-12-07 15:13:15 INFO  [main] o.a.catalina.core.StandardEngine - Starting Servlet engine: [Apache Tomcat/9.0.62]
2023-12-07 15:13:16 INFO  [main] o.a.c.c.C.[Tomcat].[localhost].[/] - Initializing Spring embedded WebApplicationContext
2023-12-07 15:13:16 INFO  [main] o.s.b.w.s.c.ServletWebServerApplicationContext - Root WebApplicationContext: initialization completed in 2068 ms
2023-12-07 15:13:17 DEBUG [main] o.s.c.c.s.s.GitCredentialsProviderFactory - No credentials provider required for URI https://github.com/muditshukla3/config-server-repository
2023-12-07 15:13:20 INFO  [main] o.a.coyote.http11.Http11NioProtocol - Starting ProtocolHandler ["http-nio-8888"]
2023-12-07 15:13:20 INFO  [main] o.s.b.w.e.tomcat.TomcatWebServer - Tomcat started on port(s): 8888 (http) with context path ''
2023-12-07 15:13:20 INFO  [main] c.m.demo.config.server.ConfigServer - Started ConfigServer in 8.462 seconds (JVM running for 9.902)
2023-12-07 15:13:27 INFO  [http-nio-8888-exec-1] o.a.c.c.C.[Tomcat].[localhost].[/] - Initializing Spring DispatcherServlet 'dispatcherServlet'
2023-12-07 15:13:27 INFO  [http-nio-8888-exec-1] o.s.web.servlet.DispatcherServlet - Initializing Servlet 'dispatcherServlet'
2023-12-07 15:13:27 INFO  [http-nio-8888-exec-1] o.s.web.servlet.DispatcherServlet - Completed initialization in 2 ms
2023-12-07 15:13:27 DEBUG [http-nio-8888-exec-1] o.s.c.c.s.s.GitCredentialsProviderFactory - No credentials provider required for URI https://github.com/muditshukla3/config-server-repository
2023-12-07 15:13:28 INFO  [http-nio-8888-exec-1] o.s.c.c.s.e.NativeEnvironmentRepository - Adding property source: Config resource 'file [/var/folders/y7/463gqn2s32d73w4r2brhf8y40000gn/T/config-repo-3313127153356573858/config-client-kafka-to-elastic.yml]' via location 'file:/var/folders/y7/463gqn2s32d73w4r2brhf8y40000gn/T/config-repo-3313127153356573858/'
2023-12-07 15:13:28 INFO  [http-nio-8888-exec-1] o.s.c.c.s.e.NativeEnvironmentRepository - Adding property source: Config resource 'file [/var/folders/y7/463gqn2s32d73w4r2brhf8y40000gn/T/config-repo-3313127153356573858/config-client.yml]' via location 'file:/var/folders/y7/463gqn2s32d73w4r2brhf8y40000gn/T/config-repo-3313127153356573858/'
2023-12-07 15:17:53 DEBUG [http-nio-8888-exec-3] o.s.c.c.s.s.GitCredentialsProviderFactory - No credentials provider required for URI https://github.com/muditshukla3/config-server-repository
2023-12-07 15:17:54 INFO  [http-nio-8888-exec-3] o.s.c.c.s.e.NativeEnvironmentRepository - Adding property source: Config resource 'file [/var/folders/y7/463gqn2s32d73w4r2brhf8y40000gn/T/config-repo-3313127153356573858/config-client-kafka-to-elastic.yml]' via location 'file:/var/folders/y7/463gqn2s32d73w4r2brhf8y40000gn/T/config-repo-3313127153356573858/'
2023-12-07 15:17:54 INFO  [http-nio-8888-exec-3] o.s.c.c.s.e.NativeEnvironmentRepository - Adding property source: Config resource 'file [/var/folders/y7/463gqn2s32d73w4r2brhf8y40000gn/T/config-repo-3313127153356573858/config-client.yml]' via location 'file:/var/folders/y7/463gqn2s32d73w4r2brhf8y40000gn/T/config-repo-3313127153356573858/'
2023-12-07 15:18:23 DEBUG [http-nio-8888-exec-4] o.s.c.c.s.s.GitCredentialsProviderFactory - No credentials provider required for URI https://github.com/muditshukla3/config-server-repository
2023-12-07 15:18:23 INFO  [http-nio-8888-exec-4] o.s.c.c.s.e.NativeEnvironmentRepository - Adding property source: Config resource 'file [/var/folders/y7/463gqn2s32d73w4r2brhf8y40000gn/T/config-repo-3313127153356573858/config-client-twitter-to-kafka.yml]' via location 'file:/var/folders/y7/463gqn2s32d73w4r2brhf8y40000gn/T/config-repo-3313127153356573858/'
2023-12-07 15:18:23 INFO  [http-nio-8888-exec-4] o.s.c.c.s.e.NativeEnvironmentRepository - Adding property source: Config resource 'file [/var/folders/y7/463gqn2s32d73w4r2brhf8y40000gn/T/config-repo-3313127153356573858/config-client.yml]' via location 'file:/var/folders/y7/463gqn2s32d73w4r2brhf8y40000gn/T/config-repo-3313127153356573858/'
2023-12-07 15:20:33 DEBUG [http-nio-8888-exec-7] o.s.c.c.s.s.GitCredentialsProviderFactory - No credentials provider required for URI https://github.com/muditshukla3/config-server-repository
2023-12-07 15:20:34 INFO  [http-nio-8888-exec-7] o.s.c.c.s.e.NativeEnvironmentRepository - Adding property source: Config resource 'file [/var/folders/y7/463gqn2s32d73w4r2brhf8y40000gn/T/config-repo-3313127153356573858/config-client-kafka-to-elastic.yml]' via location 'file:/var/folders/y7/463gqn2s32d73w4r2brhf8y40000gn/T/config-repo-3313127153356573858/'
2023-12-07 15:20:34 INFO  [http-nio-8888-exec-7] o.s.c.c.s.e.NativeEnvironmentRepository - Adding property source: Config resource 'file [/var/folders/y7/463gqn2s32d73w4r2brhf8y40000gn/T/config-repo-3313127153356573858/config-client.yml]' via location 'file:/var/folders/y7/463gqn2s32d73w4r2brhf8y40000gn/T/config-repo-3313127153356573858/'
2023-12-07 15:20:54 DEBUG [http-nio-8888-exec-8] o.s.c.c.s.s.GitCredentialsProviderFactory - No credentials provider required for URI https://github.com/muditshukla3/config-server-repository
2023-12-07 15:20:55 INFO  [http-nio-8888-exec-8] o.s.c.c.s.e.NativeEnvironmentRepository - Adding property source: Config resource 'file [/var/folders/y7/463gqn2s32d73w4r2brhf8y40000gn/T/config-repo-3313127153356573858/config-client-twitter-to-kafka.yml]' via location 'file:/var/folders/y7/463gqn2s32d73w4r2brhf8y40000gn/T/config-repo-3313127153356573858/'
2023-12-07 15:20:55 INFO  [http-nio-8888-exec-8] o.s.c.c.s.e.NativeEnvironmentRepository - Adding property source: Config resource 'file [/var/folders/y7/463gqn2s32d73w4r2brhf8y40000gn/T/config-repo-3313127153356573858/config-client.yml]' via location 'file:/var/folders/y7/463gqn2s32d73w4r2brhf8y40000gn/T/config-repo-3313127153356573858/'
