2023-06-22 22:20:41 INFO  [background-preinit] o.h.validator.internal.util.Version - HV000001: Hibernate Validator 6.2.3.Final
2023-06-22 22:20:42 INFO  [main] c.m.demo.config.server.ConfigServer - No active profile set, falling back to 1 default profile: "default"
2023-06-22 22:20:43 INFO  [main] o.s.cloud.context.scope.GenericScope - BeanFactory id=a21ba6fa-bae9-36f7-b011-05a6ce7542de
2023-06-22 22:20:43 INFO  [main] o.s.b.w.e.tomcat.TomcatWebServer - Tomcat initialized with port(s): 8888 (http)
2023-06-22 22:20:43 INFO  [main] o.a.coyote.http11.Http11NioProtocol - Initializing ProtocolHandler ["http-nio-8888"]
2023-06-22 22:20:43 INFO  [main] o.a.catalina.core.StandardService - Starting service [Tomcat]
2023-06-22 22:20:43 INFO  [main] o.a.catalina.core.StandardEngine - Starting Servlet engine: [Apache Tomcat/9.0.62]
2023-06-22 22:20:43 INFO  [main] o.a.c.c.C.[Tomcat].[localhost].[/] - Initializing Spring embedded WebApplicationContext
2023-06-22 22:20:43 INFO  [main] o.s.b.w.s.c.ServletWebServerApplicationContext - Root WebApplicationContext: initialization completed in 1213 ms
2023-06-22 22:20:44 DEBUG [main] o.s.c.c.s.s.GitCredentialsProviderFactory - No credentials provider required for URI https://github.com/muditshukla3/config-server-repository
2023-06-22 22:20:46 INFO  [main] o.a.coyote.http11.Http11NioProtocol - Starting ProtocolHandler ["http-nio-8888"]
2023-06-22 22:20:46 INFO  [main] o.s.b.w.e.tomcat.TomcatWebServer - Tomcat started on port(s): 8888 (http) with context path ''
2023-06-22 22:20:46 INFO  [main] c.m.demo.config.server.ConfigServer - Started ConfigServer in 5.842 seconds (JVM running for 6.658)
2023-06-22 22:21:23 INFO  [http-nio-8888-exec-1] o.a.c.c.C.[Tomcat].[localhost].[/] - Initializing Spring DispatcherServlet 'dispatcherServlet'
2023-06-22 22:21:23 INFO  [http-nio-8888-exec-1] o.s.web.servlet.DispatcherServlet - Initializing Servlet 'dispatcherServlet'
2023-06-22 22:21:23 INFO  [http-nio-8888-exec-1] o.s.web.servlet.DispatcherServlet - Completed initialization in 1 ms
2023-06-22 22:21:23 DEBUG [http-nio-8888-exec-1] o.s.c.c.s.s.GitCredentialsProviderFactory - No credentials provider required for URI https://github.com/muditshukla3/config-server-repository
2023-06-22 22:21:24 INFO  [http-nio-8888-exec-1] o.s.c.c.s.e.NativeEnvironmentRepository - Adding property source: Config resource 'file [/var/folders/y7/463gqn2s32d73w4r2brhf8y40000gn/T/config-repo-13639662977403582479/config-client-twitter-to-kafka.yml]' via location 'file:/var/folders/y7/463gqn2s32d73w4r2brhf8y40000gn/T/config-repo-13639662977403582479/'
2023-06-22 22:21:24 INFO  [http-nio-8888-exec-1] o.s.c.c.s.e.NativeEnvironmentRepository - Adding property source: Config resource 'file [/var/folders/y7/463gqn2s32d73w4r2brhf8y40000gn/T/config-repo-13639662977403582479/config-client.yml]' via location 'file:/var/folders/y7/463gqn2s32d73w4r2brhf8y40000gn/T/config-repo-13639662977403582479/'
2023-06-22 22:22:01 DEBUG [http-nio-8888-exec-5] o.s.c.c.s.s.GitCredentialsProviderFactory - No credentials provider required for URI https://github.com/muditshukla3/config-server-repository
2023-06-22 22:22:01 INFO  [http-nio-8888-exec-5] o.s.c.c.s.e.NativeEnvironmentRepository - Adding property source: Config resource 'file [/var/folders/y7/463gqn2s32d73w4r2brhf8y40000gn/T/config-repo-13639662977403582479/config-client-twitter-to-kafka.yml]' via location 'file:/var/folders/y7/463gqn2s32d73w4r2brhf8y40000gn/T/config-repo-13639662977403582479/'
2023-06-22 22:22:01 INFO  [http-nio-8888-exec-5] o.s.c.c.s.e.NativeEnvironmentRepository - Adding property source: Config resource 'file [/var/folders/y7/463gqn2s32d73w4r2brhf8y40000gn/T/config-repo-13639662977403582479/config-client.yml]' via location 'file:/var/folders/y7/463gqn2s32d73w4r2brhf8y40000gn/T/config-repo-13639662977403582479/'
2023-06-22 22:24:43 INFO  [background-preinit] o.h.validator.internal.util.Version - HV000001: Hibernate Validator 6.2.3.Final
2023-06-22 22:24:43 INFO  [main] c.m.demo.config.server.ConfigServer - No active profile set, falling back to 1 default profile: "default"
2023-06-22 22:24:44 INFO  [main] o.s.cloud.context.scope.GenericScope - BeanFactory id=a21ba6fa-bae9-36f7-b011-05a6ce7542de
2023-06-22 22:24:44 INFO  [main] o.s.b.w.e.tomcat.TomcatWebServer - Tomcat initialized with port(s): 8888 (http)
2023-06-22 22:24:44 INFO  [main] o.a.coyote.http11.Http11NioProtocol - Initializing ProtocolHandler ["http-nio-8888"]
2023-06-22 22:24:44 INFO  [main] o.a.catalina.core.StandardService - Starting service [Tomcat]
2023-06-22 22:24:44 INFO  [main] o.a.catalina.core.StandardEngine - Starting Servlet engine: [Apache Tomcat/9.0.62]
2023-06-22 22:24:45 INFO  [main] o.a.c.c.C.[Tomcat].[localhost].[/] - Initializing Spring embedded WebApplicationContext
2023-06-22 22:24:45 INFO  [main] o.s.b.w.s.c.ServletWebServerApplicationContext - Root WebApplicationContext: initialization completed in 1165 ms
2023-06-22 22:24:45 DEBUG [main] o.s.c.c.s.s.GitCredentialsProviderFactory - No credentials provider required for URI https://github.com/muditshukla3/config-server-repository
2023-06-22 22:24:49 INFO  [main] o.a.coyote.http11.Http11NioProtocol - Starting ProtocolHandler ["http-nio-8888"]
2023-06-22 22:24:49 INFO  [main] o.s.b.w.e.tomcat.TomcatWebServer - Tomcat started on port(s): 8888 (http) with context path ''
2023-06-22 22:24:49 INFO  [main] c.m.demo.config.server.ConfigServer - Started ConfigServer in 6.58 seconds (JVM running for 7.412)
2023-06-22 22:24:54 INFO  [background-preinit] o.h.validator.internal.util.Version - HV000001: Hibernate Validator 6.2.3.Final
2023-06-22 22:24:54 INFO  [main] c.m.demo.config.server.ConfigServer - No active profile set, falling back to 1 default profile: "default"
2023-06-22 22:24:55 INFO  [main] o.s.cloud.context.scope.GenericScope - BeanFactory id=a21ba6fa-bae9-36f7-b011-05a6ce7542de
2023-06-22 22:24:55 INFO  [main] o.s.b.w.e.tomcat.TomcatWebServer - Tomcat initialized with port(s): 8888 (http)
2023-06-22 22:24:55 INFO  [main] o.a.coyote.http11.Http11NioProtocol - Initializing ProtocolHandler ["http-nio-8888"]
2023-06-22 22:24:55 INFO  [main] o.a.catalina.core.StandardService - Starting service [Tomcat]
2023-06-22 22:24:55 INFO  [main] o.a.catalina.core.StandardEngine - Starting Servlet engine: [Apache Tomcat/9.0.62]
2023-06-22 22:24:55 INFO  [main] o.a.c.c.C.[Tomcat].[localhost].[/] - Initializing Spring embedded WebApplicationContext
2023-06-22 22:24:55 INFO  [main] o.s.b.w.s.c.ServletWebServerApplicationContext - Root WebApplicationContext: initialization completed in 1107 ms
2023-06-22 22:24:56 DEBUG [main] o.s.c.c.s.s.GitCredentialsProviderFactory - No credentials provider required for URI https://github.com/muditshukla3/config-server-repository
2023-06-22 22:24:58 INFO  [main] o.a.coyote.http11.Http11NioProtocol - Starting ProtocolHandler ["http-nio-8888"]
2023-06-22 22:24:58 INFO  [main] o.s.b.w.e.tomcat.TomcatWebServer - Tomcat started on port(s): 8888 (http) with context path ''
2023-06-22 22:24:58 INFO  [main] c.m.demo.config.server.ConfigServer - Started ConfigServer in 5.193 seconds (JVM running for 5.939)
