2023-11-26 22:36:25 INFO  [background-preinit] o.h.validator.internal.util.Version - HV000001: Hibernate Validator 6.2.3.Final
2023-11-26 22:36:26 INFO  [main] c.m.demo.config.server.ConfigServer - No active profile set, falling back to 1 default profile: "default"
2023-11-26 22:36:27 INFO  [main] o.s.cloud.context.scope.GenericScope - BeanFactory id=a21ba6fa-bae9-36f7-b011-05a6ce7542de
2023-11-26 22:36:27 INFO  [main] o.s.b.w.e.tomcat.TomcatWebServer - Tomcat initialized with port(s): 8888 (http)
2023-11-26 22:36:27 INFO  [main] o.a.coyote.http11.Http11NioProtocol - Initializing ProtocolHandler ["http-nio-8888"]
2023-11-26 22:36:27 INFO  [main] o.a.catalina.core.StandardService - Starting service [Tomcat]
2023-11-26 22:36:27 INFO  [main] o.a.catalina.core.StandardEngine - Starting Servlet engine: [Apache Tomcat/9.0.62]
2023-11-26 22:36:27 INFO  [main] o.a.c.c.C.[Tomcat].[localhost].[/] - Initializing Spring embedded WebApplicationContext
2023-11-26 22:36:27 INFO  [main] o.s.b.w.s.c.ServletWebServerApplicationContext - Root WebApplicationContext: initialization completed in 1332 ms
2023-11-26 22:36:28 DEBUG [main] o.s.c.c.s.s.GitCredentialsProviderFactory - No credentials provider required for URI https://github.com/muditshukla3/config-server-repository
2023-11-26 22:36:30 INFO  [main] o.a.coyote.http11.Http11NioProtocol - Starting ProtocolHandler ["http-nio-8888"]
2023-11-26 22:36:30 INFO  [main] o.s.b.w.e.tomcat.TomcatWebServer - Tomcat started on port(s): 8888 (http) with context path ''
2023-11-26 22:36:30 INFO  [main] c.m.demo.config.server.ConfigServer - Started ConfigServer in 6.076 seconds (JVM running for 7.654)
2023-11-26 22:36:48 INFO  [http-nio-8888-exec-1] o.a.c.c.C.[Tomcat].[localhost].[/] - Initializing Spring DispatcherServlet 'dispatcherServlet'
2023-11-26 22:36:48 INFO  [http-nio-8888-exec-1] o.s.web.servlet.DispatcherServlet - Initializing Servlet 'dispatcherServlet'
2023-11-26 22:36:48 INFO  [http-nio-8888-exec-1] o.s.web.servlet.DispatcherServlet - Completed initialization in 7 ms
2023-11-26 22:36:48 DEBUG [http-nio-8888-exec-1] o.s.c.c.s.s.GitCredentialsProviderFactory - No credentials provider required for URI https://github.com/muditshukla3/config-server-repository
2023-11-26 22:36:49 INFO  [http-nio-8888-exec-1] o.s.c.c.s.e.NativeEnvironmentRepository - Adding property source: Config resource 'file [/var/folders/y7/463gqn2s32d73w4r2brhf8y40000gn/T/config-repo-8509112703294730576/config-client-twitter-to-kafka.yml]' via location 'file:/var/folders/y7/463gqn2s32d73w4r2brhf8y40000gn/T/config-repo-8509112703294730576/'
2023-11-26 22:36:49 INFO  [http-nio-8888-exec-1] o.s.c.c.s.e.NativeEnvironmentRepository - Adding property source: Config resource 'file [/var/folders/y7/463gqn2s32d73w4r2brhf8y40000gn/T/config-repo-8509112703294730576/config-client.yml]' via location 'file:/var/folders/y7/463gqn2s32d73w4r2brhf8y40000gn/T/config-repo-8509112703294730576/'
2023-11-26 22:37:22 DEBUG [http-nio-8888-exec-2] o.s.c.c.s.s.GitCredentialsProviderFactory - No credentials provider required for URI https://github.com/muditshukla3/config-server-repository
2023-11-26 22:37:23 INFO  [http-nio-8888-exec-2] o.s.c.c.s.e.NativeEnvironmentRepository - Adding property source: Config resource 'file [/var/folders/y7/463gqn2s32d73w4r2brhf8y40000gn/T/config-repo-8509112703294730576/config-client-kafka-to-elastic.yml]' via location 'file:/var/folders/y7/463gqn2s32d73w4r2brhf8y40000gn/T/config-repo-8509112703294730576/'
2023-11-26 22:37:23 INFO  [http-nio-8888-exec-2] o.s.c.c.s.e.NativeEnvironmentRepository - Adding property source: Config resource 'file [/var/folders/y7/463gqn2s32d73w4r2brhf8y40000gn/T/config-repo-8509112703294730576/config-client.yml]' via location 'file:/var/folders/y7/463gqn2s32d73w4r2brhf8y40000gn/T/config-repo-8509112703294730576/'
