2023-11-27 18:19:16 INFO  [background-preinit] o.h.validator.internal.util.Version - HV000001: Hibernate Validator 6.2.3.Final
2023-11-27 18:19:17 INFO  [main] c.m.demo.config.server.ConfigServer - No active profile set, falling back to 1 default profile: "default"
2023-11-27 18:19:18 INFO  [main] o.s.cloud.context.scope.GenericScope - BeanFactory id=a21ba6fa-bae9-36f7-b011-05a6ce7542de
2023-11-27 18:19:19 INFO  [main] o.s.b.w.e.tomcat.TomcatWebServer - Tomcat initialized with port(s): 8888 (http)
2023-11-27 18:19:19 INFO  [main] o.a.coyote.http11.Http11NioProtocol - Initializing ProtocolHandler ["http-nio-8888"]
2023-11-27 18:19:19 INFO  [main] o.a.catalina.core.StandardService - Starting service [Tomcat]
2023-11-27 18:19:19 INFO  [main] o.a.catalina.core.StandardEngine - Starting Servlet engine: [Apache Tomcat/9.0.62]
2023-11-27 18:19:19 INFO  [main] o.a.c.c.C.[Tomcat].[localhost].[/] - Initializing Spring embedded WebApplicationContext
2023-11-27 18:19:19 INFO  [main] o.s.b.w.s.c.ServletWebServerApplicationContext - Root WebApplicationContext: initialization completed in 1385 ms
2023-11-27 18:19:19 DEBUG [main] o.s.c.c.s.s.GitCredentialsProviderFactory - No credentials provider required for URI https://github.com/muditshukla3/config-server-repository
2023-11-27 18:19:23 INFO  [main] o.a.coyote.http11.Http11NioProtocol - Starting ProtocolHandler ["http-nio-8888"]
2023-11-27 18:19:23 INFO  [main] o.s.b.w.e.tomcat.TomcatWebServer - Tomcat started on port(s): 8888 (http) with context path ''
2023-11-27 18:19:23 INFO  [main] c.m.demo.config.server.ConfigServer - Started ConfigServer in 7.052 seconds (JVM running for 8.387)
2023-11-27 18:19:42 INFO  [http-nio-8888-exec-1] o.a.c.c.C.[Tomcat].[localhost].[/] - Initializing Spring DispatcherServlet 'dispatcherServlet'
2023-11-27 18:19:42 INFO  [http-nio-8888-exec-1] o.s.web.servlet.DispatcherServlet - Initializing Servlet 'dispatcherServlet'
2023-11-27 18:19:42 INFO  [http-nio-8888-exec-1] o.s.web.servlet.DispatcherServlet - Completed initialization in 2 ms
2023-11-27 18:19:42 DEBUG [http-nio-8888-exec-1] o.s.c.c.s.s.GitCredentialsProviderFactory - No credentials provider required for URI https://github.com/muditshukla3/config-server-repository
2023-11-27 18:19:44 INFO  [http-nio-8888-exec-1] o.s.c.c.s.e.NativeEnvironmentRepository - Adding property source: Config resource 'file [/var/folders/y7/463gqn2s32d73w4r2brhf8y40000gn/T/config-repo-11363093080136324322/config-client-twitter-to-kafka.yml]' via location 'file:/var/folders/y7/463gqn2s32d73w4r2brhf8y40000gn/T/config-repo-11363093080136324322/'
2023-11-27 18:19:44 INFO  [http-nio-8888-exec-1] o.s.c.c.s.e.NativeEnvironmentRepository - Adding property source: Config resource 'file [/var/folders/y7/463gqn2s32d73w4r2brhf8y40000gn/T/config-repo-11363093080136324322/config-client.yml]' via location 'file:/var/folders/y7/463gqn2s32d73w4r2brhf8y40000gn/T/config-repo-11363093080136324322/'
2023-11-27 18:20:24 DEBUG [http-nio-8888-exec-2] o.s.c.c.s.s.GitCredentialsProviderFactory - No credentials provider required for URI https://github.com/muditshukla3/config-server-repository
2023-11-27 18:20:25 INFO  [http-nio-8888-exec-2] o.s.c.c.s.e.NativeEnvironmentRepository - Adding property source: Config resource 'file [/var/folders/y7/463gqn2s32d73w4r2brhf8y40000gn/T/config-repo-11363093080136324322/config-client-kafka-to-elastic.yml]' via location 'file:/var/folders/y7/463gqn2s32d73w4r2brhf8y40000gn/T/config-repo-11363093080136324322/'
2023-11-27 18:20:25 INFO  [http-nio-8888-exec-2] o.s.c.c.s.e.NativeEnvironmentRepository - Adding property source: Config resource 'file [/var/folders/y7/463gqn2s32d73w4r2brhf8y40000gn/T/config-repo-11363093080136324322/config-client.yml]' via location 'file:/var/folders/y7/463gqn2s32d73w4r2brhf8y40000gn/T/config-repo-11363093080136324322/'
2023-11-27 18:22:12 DEBUG [http-nio-8888-exec-5] o.s.c.c.s.s.GitCredentialsProviderFactory - No credentials provider required for URI https://github.com/muditshukla3/config-server-repository
2023-11-27 18:22:13 INFO  [http-nio-8888-exec-5] o.s.c.c.s.e.NativeEnvironmentRepository - Adding property source: Config resource 'file [/var/folders/y7/463gqn2s32d73w4r2brhf8y40000gn/T/config-repo-11363093080136324322/config-client-kafka-to-elastic.yml]' via location 'file:/var/folders/y7/463gqn2s32d73w4r2brhf8y40000gn/T/config-repo-11363093080136324322/'
2023-11-27 18:22:13 INFO  [http-nio-8888-exec-5] o.s.c.c.s.e.NativeEnvironmentRepository - Adding property source: Config resource 'file [/var/folders/y7/463gqn2s32d73w4r2brhf8y40000gn/T/config-repo-11363093080136324322/config-client.yml]' via location 'file:/var/folders/y7/463gqn2s32d73w4r2brhf8y40000gn/T/config-repo-11363093080136324322/'
2023-11-27 18:26:05 DEBUG [http-nio-8888-exec-7] o.s.c.c.s.s.GitCredentialsProviderFactory - No credentials provider required for URI https://github.com/muditshukla3/config-server-repository
2023-11-27 18:26:06 INFO  [http-nio-8888-exec-7] o.s.c.c.s.e.NativeEnvironmentRepository - Adding property source: Config resource 'file [/var/folders/y7/463gqn2s32d73w4r2brhf8y40000gn/T/config-repo-11363093080136324322/config-client-kafka-to-elastic.yml]' via location 'file:/var/folders/y7/463gqn2s32d73w4r2brhf8y40000gn/T/config-repo-11363093080136324322/'
2023-11-27 18:26:06 INFO  [http-nio-8888-exec-7] o.s.c.c.s.e.NativeEnvironmentRepository - Adding property source: Config resource 'file [/var/folders/y7/463gqn2s32d73w4r2brhf8y40000gn/T/config-repo-11363093080136324322/config-client.yml]' via location 'file:/var/folders/y7/463gqn2s32d73w4r2brhf8y40000gn/T/config-repo-11363093080136324322/'
2023-11-27 18:59:43 INFO  [background-preinit] o.h.validator.internal.util.Version - HV000001: Hibernate Validator 6.2.3.Final
2023-11-27 18:59:43 INFO  [main] c.m.demo.config.server.ConfigServer - No active profile set, falling back to 1 default profile: "default"
2023-11-27 18:59:44 INFO  [main] o.s.cloud.context.scope.GenericScope - BeanFactory id=a21ba6fa-bae9-36f7-b011-05a6ce7542de
2023-11-27 18:59:45 INFO  [main] o.s.b.w.e.tomcat.TomcatWebServer - Tomcat initialized with port(s): 8888 (http)
2023-11-27 18:59:45 INFO  [main] o.a.coyote.http11.Http11NioProtocol - Initializing ProtocolHandler ["http-nio-8888"]
2023-11-27 18:59:45 INFO  [main] o.a.catalina.core.StandardService - Starting service [Tomcat]
2023-11-27 18:59:45 INFO  [main] o.a.catalina.core.StandardEngine - Starting Servlet engine: [Apache Tomcat/9.0.62]
2023-11-27 18:59:45 INFO  [main] o.a.c.c.C.[Tomcat].[localhost].[/] - Initializing Spring embedded WebApplicationContext
2023-11-27 18:59:45 INFO  [main] o.s.b.w.s.c.ServletWebServerApplicationContext - Root WebApplicationContext: initialization completed in 1196 ms
2023-11-27 18:59:45 DEBUG [main] o.s.c.c.s.s.GitCredentialsProviderFactory - No credentials provider required for URI https://github.com/muditshukla3/config-server-repository
2023-11-27 18:59:47 INFO  [main] o.a.coyote.http11.Http11NioProtocol - Starting ProtocolHandler ["http-nio-8888"]
2023-11-27 18:59:47 INFO  [main] o.s.b.w.e.tomcat.TomcatWebServer - Tomcat started on port(s): 8888 (http) with context path ''
2023-11-27 18:59:47 INFO  [main] c.m.demo.config.server.ConfigServer - Started ConfigServer in 5.495 seconds (JVM running for 6.763)
2023-11-27 19:00:00 INFO  [http-nio-8888-exec-1] o.a.c.c.C.[Tomcat].[localhost].[/] - Initializing Spring DispatcherServlet 'dispatcherServlet'
2023-11-27 19:00:00 INFO  [http-nio-8888-exec-1] o.s.web.servlet.DispatcherServlet - Initializing Servlet 'dispatcherServlet'
2023-11-27 19:00:00 INFO  [http-nio-8888-exec-1] o.s.web.servlet.DispatcherServlet - Completed initialization in 2 ms
2023-11-27 19:00:00 DEBUG [http-nio-8888-exec-1] o.s.c.c.s.s.GitCredentialsProviderFactory - No credentials provider required for URI https://github.com/muditshukla3/config-server-repository
2023-11-27 19:00:01 INFO  [http-nio-8888-exec-1] o.s.c.c.s.e.NativeEnvironmentRepository - Adding property source: Config resource 'file [/var/folders/y7/463gqn2s32d73w4r2brhf8y40000gn/T/config-repo-4582327749947376928/config-client-kafka-to-elastic.yml]' via location 'file:/var/folders/y7/463gqn2s32d73w4r2brhf8y40000gn/T/config-repo-4582327749947376928/'
2023-11-27 19:00:01 INFO  [http-nio-8888-exec-1] o.s.c.c.s.e.NativeEnvironmentRepository - Adding property source: Config resource 'file [/var/folders/y7/463gqn2s32d73w4r2brhf8y40000gn/T/config-repo-4582327749947376928/config-client.yml]' via location 'file:/var/folders/y7/463gqn2s32d73w4r2brhf8y40000gn/T/config-repo-4582327749947376928/'
2023-11-27 19:01:18 DEBUG [http-nio-8888-exec-3] o.s.c.c.s.s.GitCredentialsProviderFactory - No credentials provider required for URI https://github.com/muditshukla3/config-server-repository
2023-11-27 19:01:19 INFO  [http-nio-8888-exec-3] o.s.c.c.s.e.NativeEnvironmentRepository - Adding property source: Config resource 'file [/var/folders/y7/463gqn2s32d73w4r2brhf8y40000gn/T/config-repo-4582327749947376928/config-client-kafka-to-elastic.yml]' via location 'file:/var/folders/y7/463gqn2s32d73w4r2brhf8y40000gn/T/config-repo-4582327749947376928/'
2023-11-27 19:01:19 INFO  [http-nio-8888-exec-3] o.s.c.c.s.e.NativeEnvironmentRepository - Adding property source: Config resource 'file [/var/folders/y7/463gqn2s32d73w4r2brhf8y40000gn/T/config-repo-4582327749947376928/config-client.yml]' via location 'file:/var/folders/y7/463gqn2s32d73w4r2brhf8y40000gn/T/config-repo-4582327749947376928/'
2023-11-27 19:05:38 DEBUG [http-nio-8888-exec-5] o.s.c.c.s.s.GitCredentialsProviderFactory - No credentials provider required for URI https://github.com/muditshukla3/config-server-repository
2023-11-27 19:05:39 INFO  [http-nio-8888-exec-5] o.s.c.c.s.e.NativeEnvironmentRepository - Adding property source: Config resource 'file [/var/folders/y7/463gqn2s32d73w4r2brhf8y40000gn/T/config-repo-4582327749947376928/config-client-kafka-to-elastic.yml]' via location 'file:/var/folders/y7/463gqn2s32d73w4r2brhf8y40000gn/T/config-repo-4582327749947376928/'
2023-11-27 19:05:39 INFO  [http-nio-8888-exec-5] o.s.c.c.s.e.NativeEnvironmentRepository - Adding property source: Config resource 'file [/var/folders/y7/463gqn2s32d73w4r2brhf8y40000gn/T/config-repo-4582327749947376928/config-client.yml]' via location 'file:/var/folders/y7/463gqn2s32d73w4r2brhf8y40000gn/T/config-repo-4582327749947376928/'
2023-11-27 19:07:30 DEBUG [http-nio-8888-exec-7] o.s.c.c.s.s.GitCredentialsProviderFactory - No credentials provider required for URI https://github.com/muditshukla3/config-server-repository
2023-11-27 19:07:31 INFO  [http-nio-8888-exec-7] o.s.c.c.s.e.NativeEnvironmentRepository - Adding property source: Config resource 'file [/var/folders/y7/463gqn2s32d73w4r2brhf8y40000gn/T/config-repo-4582327749947376928/config-client-kafka-to-elastic.yml]' via location 'file:/var/folders/y7/463gqn2s32d73w4r2brhf8y40000gn/T/config-repo-4582327749947376928/'
2023-11-27 19:07:31 INFO  [http-nio-8888-exec-7] o.s.c.c.s.e.NativeEnvironmentRepository - Adding property source: Config resource 'file [/var/folders/y7/463gqn2s32d73w4r2brhf8y40000gn/T/config-repo-4582327749947376928/config-client.yml]' via location 'file:/var/folders/y7/463gqn2s32d73w4r2brhf8y40000gn/T/config-repo-4582327749947376928/'
2023-11-27 19:11:19 DEBUG [http-nio-8888-exec-9] o.s.c.c.s.s.GitCredentialsProviderFactory - No credentials provider required for URI https://github.com/muditshukla3/config-server-repository
2023-11-27 19:11:20 INFO  [http-nio-8888-exec-9] o.s.c.c.s.e.NativeEnvironmentRepository - Adding property source: Config resource 'file [/var/folders/y7/463gqn2s32d73w4r2brhf8y40000gn/T/config-repo-4582327749947376928/config-client-kafka-to-elastic.yml]' via location 'file:/var/folders/y7/463gqn2s32d73w4r2brhf8y40000gn/T/config-repo-4582327749947376928/'
2023-11-27 19:11:20 INFO  [http-nio-8888-exec-9] o.s.c.c.s.e.NativeEnvironmentRepository - Adding property source: Config resource 'file [/var/folders/y7/463gqn2s32d73w4r2brhf8y40000gn/T/config-repo-4582327749947376928/config-client.yml]' via location 'file:/var/folders/y7/463gqn2s32d73w4r2brhf8y40000gn/T/config-repo-4582327749947376928/'
2023-11-27 19:13:19 DEBUG [http-nio-8888-exec-1] o.s.c.c.s.s.GitCredentialsProviderFactory - No credentials provider required for URI https://github.com/muditshukla3/config-server-repository
2023-11-27 19:13:19 INFO  [http-nio-8888-exec-1] o.s.c.c.s.e.NativeEnvironmentRepository - Adding property source: Config resource 'file [/var/folders/y7/463gqn2s32d73w4r2brhf8y40000gn/T/config-repo-4582327749947376928/config-client-kafka-to-elastic.yml]' via location 'file:/var/folders/y7/463gqn2s32d73w4r2brhf8y40000gn/T/config-repo-4582327749947376928/'
2023-11-27 19:13:19 INFO  [http-nio-8888-exec-1] o.s.c.c.s.e.NativeEnvironmentRepository - Adding property source: Config resource 'file [/var/folders/y7/463gqn2s32d73w4r2brhf8y40000gn/T/config-repo-4582327749947376928/config-client.yml]' via location 'file:/var/folders/y7/463gqn2s32d73w4r2brhf8y40000gn/T/config-repo-4582327749947376928/'
2023-11-27 19:21:24 DEBUG [http-nio-8888-exec-3] o.s.c.c.s.s.GitCredentialsProviderFactory - No credentials provider required for URI https://github.com/muditshukla3/config-server-repository
2023-11-27 19:21:26 INFO  [http-nio-8888-exec-3] o.s.c.c.s.e.NativeEnvironmentRepository - Adding property source: Config resource 'file [/var/folders/y7/463gqn2s32d73w4r2brhf8y40000gn/T/config-repo-4582327749947376928/config-client-kafka-to-elastic.yml]' via location 'file:/var/folders/y7/463gqn2s32d73w4r2brhf8y40000gn/T/config-repo-4582327749947376928/'
2023-11-27 19:21:26 INFO  [http-nio-8888-exec-3] o.s.c.c.s.e.NativeEnvironmentRepository - Adding property source: Config resource 'file [/var/folders/y7/463gqn2s32d73w4r2brhf8y40000gn/T/config-repo-4582327749947376928/config-client.yml]' via location 'file:/var/folders/y7/463gqn2s32d73w4r2brhf8y40000gn/T/config-repo-4582327749947376928/'
