2023-11-27 18:20:24 INFO  [main] o.s.c.c.c.ConfigServicePropertySourceLocator - Fetching config from server at : http://localhost:8888
2023-11-27 18:20:25 INFO  [main] o.s.c.c.c.ConfigServicePropertySourceLocator - Located environment: name=kafka-to-elastic,config-client, profiles=[kafka-to-elastic], label=null, version=3dee77e5f1affe6de65cdd398736874798878c26, state=null
2023-11-27 18:20:25 INFO  [main] o.s.c.b.c.PropertySourceBootstrapConfiguration - Located property source: [BootstrapPropertySource {name='bootstrapProperties-configClient'}, BootstrapPropertySource {name='bootstrapProperties-https://github.com/muditshukla3/config-server-repository/config-client-kafka-to-elastic.yml'}, BootstrapPropertySource {name='bootstrapProperties-https://github.com/muditshukla3/config-server-repository/config-client.yml'}]
2023-11-27 18:20:25 INFO  [main] c.m.d.k.t.e.s.KafkaToElasticServiceApplication - The following 1 profile is active: "kafka-to-elastic"
2023-11-27 18:20:26 INFO  [main] o.s.cloud.context.scope.GenericScope - BeanFactory id=e6a176ba-9963-3d10-9ea1-3fa0f7f75330
2023-11-27 18:20:26 INFO  [main] o.s.c.s.PostProcessorRegistrationDelegate$BeanPostProcessorChecker - Bean 'org.springframework.retry.annotation.RetryConfiguration' of type [org.springframework.retry.annotation.RetryConfiguration$$EnhancerBySpringCGLIB$$537a4a0] is not eligible for getting processed by all BeanPostProcessors (for example: not eligible for auto-proxying)
2023-11-27 18:20:26 INFO  [main] o.a.k.c.admin.AdminClientConfig - AdminClientConfig values: 
	bootstrap.servers = [localhost:19092, localhost:29092, localhost:39092]
	client.dns.lookup = use_all_dns_ips
	client.id = 
	connections.max.idle.ms = 300000
	default.api.timeout.ms = 60000
	metadata.max.age.ms = 300000
	metric.reporters = []
	metrics.num.samples = 2
	metrics.recording.level = INFO
	metrics.sample.window.ms = 30000
	receive.buffer.bytes = 65536
	reconnect.backoff.max.ms = 1000
	reconnect.backoff.ms = 50
	request.timeout.ms = 30000
	retries = 2147483647
	retry.backoff.ms = 100
	sasl.client.callback.handler.class = null
	sasl.jaas.config = null
	sasl.kerberos.kinit.cmd = /usr/bin/kinit
	sasl.kerberos.min.time.before.relogin = 60000
	sasl.kerberos.service.name = null
	sasl.kerberos.ticket.renew.jitter = 0.05
	sasl.kerberos.ticket.renew.window.factor = 0.8
	sasl.login.callback.handler.class = null
	sasl.login.class = null
	sasl.login.refresh.buffer.seconds = 300
	sasl.login.refresh.min.period.seconds = 60
	sasl.login.refresh.window.factor = 0.8
	sasl.login.refresh.window.jitter = 0.05
	sasl.mechanism = GSSAPI
	security.protocol = PLAINTEXT
	security.providers = null
	send.buffer.bytes = 131072
	socket.connection.setup.timeout.max.ms = 30000
	socket.connection.setup.timeout.ms = 10000
	ssl.cipher.suites = null
	ssl.enabled.protocols = [TLSv1.2, TLSv1.3]
	ssl.endpoint.identification.algorithm = https
	ssl.engine.factory.class = null
	ssl.key.password = null
	ssl.keymanager.algorithm = SunX509
	ssl.keystore.certificate.chain = null
	ssl.keystore.key = null
	ssl.keystore.location = null
	ssl.keystore.password = null
	ssl.keystore.type = JKS
	ssl.protocol = TLSv1.3
	ssl.provider = null
	ssl.secure.random.implementation = null
	ssl.trustmanager.algorithm = PKIX
	ssl.truststore.certificates = null
	ssl.truststore.location = null
	ssl.truststore.password = null
	ssl.truststore.type = JKS

2023-11-27 18:20:27 INFO  [main] o.a.kafka.common.utils.AppInfoParser - Kafka version: 3.0.1
2023-11-27 18:20:27 INFO  [main] o.a.kafka.common.utils.AppInfoParser - Kafka commitId: 8e30984f43e64d8b
2023-11-27 18:20:27 INFO  [main] o.a.kafka.common.utils.AppInfoParser - Kafka startTimeMs: 1701089427075
2023-11-27 18:20:27 WARN  [kafka-admin-client-thread | adminclient-1] o.apache.kafka.clients.NetworkClient - [AdminClient clientId=adminclient-1] Connection to node -2 (localhost/127.0.0.1:29092) could not be established. Broker may not be available.
2023-11-27 18:20:28 INFO  [main] o.s.b.w.e.netty.NettyWebServer - Netty started on port 8182
2023-11-27 18:20:28 INFO  [main] c.m.d.k.t.e.s.KafkaToElasticServiceApplication - Started KafkaToElasticServiceApplication in 5.188 seconds (JVM running for 6.196)
2023-11-27 18:21:52 INFO  [kafka-admin-client-thread | adminclient-1] o.a.kafka.common.utils.AppInfoParser - App info kafka.admin.client for adminclient-1 unregistered
2023-11-27 18:21:52 INFO  [kafka-admin-client-thread | adminclient-1] o.a.kafka.common.metrics.Metrics - Metrics scheduler closed
2023-11-27 18:21:52 INFO  [kafka-admin-client-thread | adminclient-1] o.a.kafka.common.metrics.Metrics - Closing reporter org.apache.kafka.common.metrics.JmxReporter
2023-11-27 18:21:52 INFO  [kafka-admin-client-thread | adminclient-1] o.a.kafka.common.metrics.Metrics - Metrics reporters closed
2023-11-27 18:22:12 INFO  [main] o.s.c.c.c.ConfigServicePropertySourceLocator - Fetching config from server at : http://localhost:8888
2023-11-27 18:22:13 INFO  [main] o.s.c.c.c.ConfigServicePropertySourceLocator - Located environment: name=kafka-to-elastic,config-client, profiles=[kafka-to-elastic], label=null, version=3dee77e5f1affe6de65cdd398736874798878c26, state=null
2023-11-27 18:22:13 INFO  [main] o.s.c.b.c.PropertySourceBootstrapConfiguration - Located property source: [BootstrapPropertySource {name='bootstrapProperties-configClient'}, BootstrapPropertySource {name='bootstrapProperties-https://github.com/muditshukla3/config-server-repository/config-client-kafka-to-elastic.yml'}, BootstrapPropertySource {name='bootstrapProperties-https://github.com/muditshukla3/config-server-repository/config-client.yml'}]
2023-11-27 18:22:13 INFO  [main] c.m.d.k.t.e.s.KafkaToElasticServiceApplication - The following 1 profile is active: "kafka-to-elastic"
2023-11-27 18:22:14 INFO  [main] o.s.cloud.context.scope.GenericScope - BeanFactory id=e6a176ba-9963-3d10-9ea1-3fa0f7f75330
2023-11-27 18:22:14 INFO  [main] o.s.c.s.PostProcessorRegistrationDelegate$BeanPostProcessorChecker - Bean 'org.springframework.retry.annotation.RetryConfiguration' of type [org.springframework.retry.annotation.RetryConfiguration$$EnhancerBySpringCGLIB$$cb3f503b] is not eligible for getting processed by all BeanPostProcessors (for example: not eligible for auto-proxying)
2023-11-27 18:22:14 INFO  [main] o.a.k.c.admin.AdminClientConfig - AdminClientConfig values: 
	bootstrap.servers = [localhost:19092, localhost:29092, localhost:39092]
	client.dns.lookup = use_all_dns_ips
	client.id = 
	connections.max.idle.ms = 300000
	default.api.timeout.ms = 60000
	metadata.max.age.ms = 300000
	metric.reporters = []
	metrics.num.samples = 2
	metrics.recording.level = INFO
	metrics.sample.window.ms = 30000
	receive.buffer.bytes = 65536
	reconnect.backoff.max.ms = 1000
	reconnect.backoff.ms = 50
	request.timeout.ms = 30000
	retries = 2147483647
	retry.backoff.ms = 100
	sasl.client.callback.handler.class = null
	sasl.jaas.config = null
	sasl.kerberos.kinit.cmd = /usr/bin/kinit
	sasl.kerberos.min.time.before.relogin = 60000
	sasl.kerberos.service.name = null
	sasl.kerberos.ticket.renew.jitter = 0.05
	sasl.kerberos.ticket.renew.window.factor = 0.8
	sasl.login.callback.handler.class = null
	sasl.login.class = null
	sasl.login.refresh.buffer.seconds = 300
	sasl.login.refresh.min.period.seconds = 60
	sasl.login.refresh.window.factor = 0.8
	sasl.login.refresh.window.jitter = 0.05
	sasl.mechanism = GSSAPI
	security.protocol = PLAINTEXT
	security.providers = null
	send.buffer.bytes = 131072
	socket.connection.setup.timeout.max.ms = 30000
	socket.connection.setup.timeout.ms = 10000
	ssl.cipher.suites = null
	ssl.enabled.protocols = [TLSv1.2, TLSv1.3]
	ssl.endpoint.identification.algorithm = https
	ssl.engine.factory.class = null
	ssl.key.password = null
	ssl.keymanager.algorithm = SunX509
	ssl.keystore.certificate.chain = null
	ssl.keystore.key = null
	ssl.keystore.location = null
	ssl.keystore.password = null
	ssl.keystore.type = JKS
	ssl.protocol = TLSv1.3
	ssl.provider = null
	ssl.secure.random.implementation = null
	ssl.trustmanager.algorithm = PKIX
	ssl.truststore.certificates = null
	ssl.truststore.location = null
	ssl.truststore.password = null
	ssl.truststore.type = JKS

2023-11-27 18:22:14 INFO  [main] o.a.kafka.common.utils.AppInfoParser - Kafka version: 3.0.1
2023-11-27 18:22:14 INFO  [main] o.a.kafka.common.utils.AppInfoParser - Kafka commitId: 8e30984f43e64d8b
2023-11-27 18:22:14 INFO  [main] o.a.kafka.common.utils.AppInfoParser - Kafka startTimeMs: 1701089534990
2023-11-27 18:22:15 WARN  [kafka-admin-client-thread | adminclient-1] o.apache.kafka.clients.NetworkClient - [AdminClient clientId=adminclient-1] Connection to node -2 (localhost/127.0.0.1:29092) could not be established. Broker may not be available.
2023-11-27 18:22:15 WARN  [kafka-admin-client-thread | adminclient-1] o.apache.kafka.clients.NetworkClient - [AdminClient clientId=adminclient-1] Connection to node -3 (localhost/127.0.0.1:39092) could not be established. Broker may not be available.
2023-11-27 18:22:15 INFO  [main] o.s.b.w.e.netty.NettyWebServer - Netty started on port 8182
2023-11-27 18:22:15 INFO  [main] c.m.d.k.t.e.s.KafkaToElasticServiceApplication - Started KafkaToElasticServiceApplication in 4.243 seconds (JVM running for 5.753)
2023-11-27 18:25:36 INFO  [kafka-admin-client-thread | adminclient-1] o.a.kafka.common.utils.AppInfoParser - App info kafka.admin.client for adminclient-1 unregistered
2023-11-27 18:25:36 INFO  [kafka-admin-client-thread | adminclient-1] o.a.kafka.common.metrics.Metrics - Metrics scheduler closed
2023-11-27 18:25:36 INFO  [kafka-admin-client-thread | adminclient-1] o.a.kafka.common.metrics.Metrics - Closing reporter org.apache.kafka.common.metrics.JmxReporter
2023-11-27 18:25:36 INFO  [kafka-admin-client-thread | adminclient-1] o.a.kafka.common.metrics.Metrics - Metrics reporters closed
2023-11-27 18:26:05 INFO  [main] o.s.c.c.c.ConfigServicePropertySourceLocator - Fetching config from server at : http://localhost:8888
2023-11-27 18:26:06 INFO  [main] o.s.c.c.c.ConfigServicePropertySourceLocator - Located environment: name=kafka-to-elastic,config-client, profiles=[kafka-to-elastic], label=null, version=3dee77e5f1affe6de65cdd398736874798878c26, state=null
2023-11-27 18:26:06 INFO  [main] o.s.c.b.c.PropertySourceBootstrapConfiguration - Located property source: [BootstrapPropertySource {name='bootstrapProperties-configClient'}, BootstrapPropertySource {name='bootstrapProperties-https://github.com/muditshukla3/config-server-repository/config-client-kafka-to-elastic.yml'}, BootstrapPropertySource {name='bootstrapProperties-https://github.com/muditshukla3/config-server-repository/config-client.yml'}]
2023-11-27 18:26:06 INFO  [main] c.m.d.k.t.e.s.KafkaToElasticServiceApplication - The following 1 profile is active: "kafka-to-elastic"
2023-11-27 18:26:07 INFO  [main] o.s.cloud.context.scope.GenericScope - BeanFactory id=e6a176ba-9963-3d10-9ea1-3fa0f7f75330
2023-11-27 18:26:07 INFO  [main] o.s.c.s.PostProcessorRegistrationDelegate$BeanPostProcessorChecker - Bean 'org.springframework.retry.annotation.RetryConfiguration' of type [org.springframework.retry.annotation.RetryConfiguration$$EnhancerBySpringCGLIB$$cb3f503b] is not eligible for getting processed by all BeanPostProcessors (for example: not eligible for auto-proxying)
2023-11-27 18:26:08 INFO  [main] o.a.k.c.admin.AdminClientConfig - AdminClientConfig values: 
	bootstrap.servers = [localhost:19092, localhost:29092, localhost:39092]
	client.dns.lookup = use_all_dns_ips
	client.id = 
	connections.max.idle.ms = 300000
	default.api.timeout.ms = 60000
	metadata.max.age.ms = 300000
	metric.reporters = []
	metrics.num.samples = 2
	metrics.recording.level = INFO
	metrics.sample.window.ms = 30000
	receive.buffer.bytes = 65536
	reconnect.backoff.max.ms = 1000
	reconnect.backoff.ms = 50
	request.timeout.ms = 30000
	retries = 2147483647
	retry.backoff.ms = 100
	sasl.client.callback.handler.class = null
	sasl.jaas.config = null
	sasl.kerberos.kinit.cmd = /usr/bin/kinit
	sasl.kerberos.min.time.before.relogin = 60000
	sasl.kerberos.service.name = null
	sasl.kerberos.ticket.renew.jitter = 0.05
	sasl.kerberos.ticket.renew.window.factor = 0.8
	sasl.login.callback.handler.class = null
	sasl.login.class = null
	sasl.login.refresh.buffer.seconds = 300
	sasl.login.refresh.min.period.seconds = 60
	sasl.login.refresh.window.factor = 0.8
	sasl.login.refresh.window.jitter = 0.05
	sasl.mechanism = GSSAPI
	security.protocol = PLAINTEXT
	security.providers = null
	send.buffer.bytes = 131072
	socket.connection.setup.timeout.max.ms = 30000
	socket.connection.setup.timeout.ms = 10000
	ssl.cipher.suites = null
	ssl.enabled.protocols = [TLSv1.2, TLSv1.3]
	ssl.endpoint.identification.algorithm = https
	ssl.engine.factory.class = null
	ssl.key.password = null
	ssl.keymanager.algorithm = SunX509
	ssl.keystore.certificate.chain = null
	ssl.keystore.key = null
	ssl.keystore.location = null
	ssl.keystore.password = null
	ssl.keystore.type = JKS
	ssl.protocol = TLSv1.3
	ssl.provider = null
	ssl.secure.random.implementation = null
	ssl.trustmanager.algorithm = PKIX
	ssl.truststore.certificates = null
	ssl.truststore.location = null
	ssl.truststore.password = null
	ssl.truststore.type = JKS

2023-11-27 18:26:08 INFO  [main] o.a.kafka.common.utils.AppInfoParser - Kafka version: 3.0.1
2023-11-27 18:26:08 INFO  [main] o.a.kafka.common.utils.AppInfoParser - Kafka commitId: 8e30984f43e64d8b
2023-11-27 18:26:08 INFO  [main] o.a.kafka.common.utils.AppInfoParser - Kafka startTimeMs: 1701089768123
2023-11-27 18:26:08 WARN  [kafka-admin-client-thread | adminclient-1] o.apache.kafka.clients.NetworkClient - [AdminClient clientId=adminclient-1] Connection to node -3 (localhost/127.0.0.1:39092) could not be established. Broker may not be available.
2023-11-27 18:26:08 WARN  [kafka-admin-client-thread | adminclient-1] o.apache.kafka.clients.NetworkClient - [AdminClient clientId=adminclient-1] Connection to node -2 (localhost/127.0.0.1:29092) could not be established. Broker may not be available.
2023-11-27 18:26:08 INFO  [main] o.s.b.w.e.netty.NettyWebServer - Netty started on port 8182
2023-11-27 18:26:08 INFO  [main] c.m.d.k.t.e.s.KafkaToElasticServiceApplication - Started KafkaToElasticServiceApplication in 4.612 seconds (JVM running for 6.076)
2023-11-27 18:38:22 INFO  [kafka-admin-client-thread | adminclient-1] o.a.kafka.common.utils.AppInfoParser - App info kafka.admin.client for adminclient-1 unregistered
2023-11-27 18:38:22 INFO  [kafka-admin-client-thread | adminclient-1] o.a.kafka.common.metrics.Metrics - Metrics scheduler closed
2023-11-27 18:38:22 INFO  [kafka-admin-client-thread | adminclient-1] o.a.kafka.common.metrics.Metrics - Closing reporter org.apache.kafka.common.metrics.JmxReporter
2023-11-27 18:38:22 INFO  [kafka-admin-client-thread | adminclient-1] o.a.kafka.common.metrics.Metrics - Metrics reporters closed
2023-11-27 19:00:00 INFO  [main] o.s.c.c.c.ConfigServicePropertySourceLocator - Fetching config from server at : http://localhost:8888
2023-11-27 19:00:02 INFO  [main] o.s.c.c.c.ConfigServicePropertySourceLocator - Located environment: name=kafka-to-elastic,config-client, profiles=[kafka-to-elastic], label=null, version=3dee77e5f1affe6de65cdd398736874798878c26, state=null
2023-11-27 19:00:02 INFO  [main] o.s.c.b.c.PropertySourceBootstrapConfiguration - Located property source: [BootstrapPropertySource {name='bootstrapProperties-configClient'}, BootstrapPropertySource {name='bootstrapProperties-https://github.com/muditshukla3/config-server-repository/config-client-kafka-to-elastic.yml'}, BootstrapPropertySource {name='bootstrapProperties-https://github.com/muditshukla3/config-server-repository/config-client.yml'}]
2023-11-27 19:00:02 INFO  [main] c.m.d.k.t.e.s.KafkaToElasticServiceApplication - The following 1 profile is active: "kafka-to-elastic"
2023-11-27 19:00:02 INFO  [main] o.s.cloud.context.scope.GenericScope - BeanFactory id=7f7b5c22-82f6-303b-a8e1-6b742cfc2409
2023-11-27 19:00:02 INFO  [main] o.s.c.s.PostProcessorRegistrationDelegate$BeanPostProcessorChecker - Bean 'org.springframework.retry.annotation.RetryConfiguration' of type [org.springframework.retry.annotation.RetryConfiguration$$EnhancerBySpringCGLIB$$d4167fc7] is not eligible for getting processed by all BeanPostProcessors (for example: not eligible for auto-proxying)
2023-11-27 19:00:03 INFO  [main] o.a.k.c.admin.AdminClientConfig - AdminClientConfig values: 
	bootstrap.servers = [localhost:19092, localhost:29092, localhost:39092]
	client.dns.lookup = use_all_dns_ips
	client.id = 
	connections.max.idle.ms = 300000
	default.api.timeout.ms = 60000
	metadata.max.age.ms = 300000
	metric.reporters = []
	metrics.num.samples = 2
	metrics.recording.level = INFO
	metrics.sample.window.ms = 30000
	receive.buffer.bytes = 65536
	reconnect.backoff.max.ms = 1000
	reconnect.backoff.ms = 50
	request.timeout.ms = 30000
	retries = 2147483647
	retry.backoff.ms = 100
	sasl.client.callback.handler.class = null
	sasl.jaas.config = null
	sasl.kerberos.kinit.cmd = /usr/bin/kinit
	sasl.kerberos.min.time.before.relogin = 60000
	sasl.kerberos.service.name = null
	sasl.kerberos.ticket.renew.jitter = 0.05
	sasl.kerberos.ticket.renew.window.factor = 0.8
	sasl.login.callback.handler.class = null
	sasl.login.class = null
	sasl.login.refresh.buffer.seconds = 300
	sasl.login.refresh.min.period.seconds = 60
	sasl.login.refresh.window.factor = 0.8
	sasl.login.refresh.window.jitter = 0.05
	sasl.mechanism = GSSAPI
	security.protocol = PLAINTEXT
	security.providers = null
	send.buffer.bytes = 131072
	socket.connection.setup.timeout.max.ms = 30000
	socket.connection.setup.timeout.ms = 10000
	ssl.cipher.suites = null
	ssl.enabled.protocols = [TLSv1.2, TLSv1.3]
	ssl.endpoint.identification.algorithm = https
	ssl.engine.factory.class = null
	ssl.key.password = null
	ssl.keymanager.algorithm = SunX509
	ssl.keystore.certificate.chain = null
	ssl.keystore.key = null
	ssl.keystore.location = null
	ssl.keystore.password = null
	ssl.keystore.type = JKS
	ssl.protocol = TLSv1.3
	ssl.provider = null
	ssl.secure.random.implementation = null
	ssl.trustmanager.algorithm = PKIX
	ssl.truststore.certificates = null
	ssl.truststore.location = null
	ssl.truststore.password = null
	ssl.truststore.type = JKS

2023-11-27 19:00:03 INFO  [main] o.a.kafka.common.utils.AppInfoParser - Kafka version: 3.0.1
2023-11-27 19:00:03 INFO  [main] o.a.kafka.common.utils.AppInfoParser - Kafka commitId: 8e30984f43e64d8b
2023-11-27 19:00:03 INFO  [main] o.a.kafka.common.utils.AppInfoParser - Kafka startTimeMs: 1701091803262
2023-11-27 19:00:03 WARN  [kafka-admin-client-thread | adminclient-1] o.apache.kafka.clients.NetworkClient - [AdminClient clientId=adminclient-1] Connection to node -2 (localhost/127.0.0.1:29092) could not be established. Broker may not be available.
2023-11-27 19:00:03 WARN  [kafka-admin-client-thread | adminclient-1] o.apache.kafka.clients.NetworkClient - [AdminClient clientId=adminclient-1] Connection to node -3 (localhost/127.0.0.1:39092) could not be established. Broker may not be available.
2023-11-27 19:00:04 INFO  [main] o.s.b.w.e.netty.NettyWebServer - Netty started on port 8182
2023-11-27 19:00:04 INFO  [main] c.m.d.k.t.e.s.KafkaToElasticServiceApplication - Started KafkaToElasticServiceApplication in 4.92 seconds (JVM running for 6.175)
2023-11-27 19:00:58 INFO  [kafka-admin-client-thread | adminclient-1] o.a.kafka.common.utils.AppInfoParser - App info kafka.admin.client for adminclient-1 unregistered
2023-11-27 19:00:59 INFO  [kafka-admin-client-thread | adminclient-1] o.a.kafka.common.metrics.Metrics - Metrics scheduler closed
2023-11-27 19:00:59 INFO  [kafka-admin-client-thread | adminclient-1] o.a.kafka.common.metrics.Metrics - Closing reporter org.apache.kafka.common.metrics.JmxReporter
2023-11-27 19:00:59 INFO  [kafka-admin-client-thread | adminclient-1] o.a.kafka.common.metrics.Metrics - Metrics reporters closed
2023-11-27 19:01:18 INFO  [main] o.s.c.c.c.ConfigServicePropertySourceLocator - Fetching config from server at : http://localhost:8888
2023-11-27 19:01:19 INFO  [main] o.s.c.c.c.ConfigServicePropertySourceLocator - Located environment: name=kafka-to-elastic,config-client, profiles=[kafka-to-elastic], label=null, version=3dee77e5f1affe6de65cdd398736874798878c26, state=null
2023-11-27 19:01:19 INFO  [main] o.s.c.b.c.PropertySourceBootstrapConfiguration - Located property source: [BootstrapPropertySource {name='bootstrapProperties-configClient'}, BootstrapPropertySource {name='bootstrapProperties-https://github.com/muditshukla3/config-server-repository/config-client-kafka-to-elastic.yml'}, BootstrapPropertySource {name='bootstrapProperties-https://github.com/muditshukla3/config-server-repository/config-client.yml'}]
2023-11-27 19:01:19 INFO  [main] c.m.d.k.t.e.s.KafkaToElasticServiceApplication - The following 1 profile is active: "kafka-to-elastic"
2023-11-27 19:01:21 INFO  [main] o.s.cloud.context.scope.GenericScope - BeanFactory id=7f7b5c22-82f6-303b-a8e1-6b742cfc2409
2023-11-27 19:01:21 INFO  [main] o.s.c.s.PostProcessorRegistrationDelegate$BeanPostProcessorChecker - Bean 'org.springframework.retry.annotation.RetryConfiguration' of type [org.springframework.retry.annotation.RetryConfiguration$$EnhancerBySpringCGLIB$$b2f3838c] is not eligible for getting processed by all BeanPostProcessors (for example: not eligible for auto-proxying)
2023-11-27 19:01:21 INFO  [main] o.a.k.c.admin.AdminClientConfig - AdminClientConfig values: 
	bootstrap.servers = [localhost:19092, localhost:29092, localhost:39092]
	client.dns.lookup = use_all_dns_ips
	client.id = 
	connections.max.idle.ms = 300000
	default.api.timeout.ms = 60000
	metadata.max.age.ms = 300000
	metric.reporters = []
	metrics.num.samples = 2
	metrics.recording.level = INFO
	metrics.sample.window.ms = 30000
	receive.buffer.bytes = 65536
	reconnect.backoff.max.ms = 1000
	reconnect.backoff.ms = 50
	request.timeout.ms = 30000
	retries = 2147483647
	retry.backoff.ms = 100
	sasl.client.callback.handler.class = null
	sasl.jaas.config = null
	sasl.kerberos.kinit.cmd = /usr/bin/kinit
	sasl.kerberos.min.time.before.relogin = 60000
	sasl.kerberos.service.name = null
	sasl.kerberos.ticket.renew.jitter = 0.05
	sasl.kerberos.ticket.renew.window.factor = 0.8
	sasl.login.callback.handler.class = null
	sasl.login.class = null
	sasl.login.refresh.buffer.seconds = 300
	sasl.login.refresh.min.period.seconds = 60
	sasl.login.refresh.window.factor = 0.8
	sasl.login.refresh.window.jitter = 0.05
	sasl.mechanism = GSSAPI
	security.protocol = PLAINTEXT
	security.providers = null
	send.buffer.bytes = 131072
	socket.connection.setup.timeout.max.ms = 30000
	socket.connection.setup.timeout.ms = 10000
	ssl.cipher.suites = null
	ssl.enabled.protocols = [TLSv1.2, TLSv1.3]
	ssl.endpoint.identification.algorithm = https
	ssl.engine.factory.class = null
	ssl.key.password = null
	ssl.keymanager.algorithm = SunX509
	ssl.keystore.certificate.chain = null
	ssl.keystore.key = null
	ssl.keystore.location = null
	ssl.keystore.password = null
	ssl.keystore.type = JKS
	ssl.protocol = TLSv1.3
	ssl.provider = null
	ssl.secure.random.implementation = null
	ssl.trustmanager.algorithm = PKIX
	ssl.truststore.certificates = null
	ssl.truststore.location = null
	ssl.truststore.password = null
	ssl.truststore.type = JKS

2023-11-27 19:01:21 INFO  [main] o.a.kafka.common.utils.AppInfoParser - Kafka version: 3.0.1
2023-11-27 19:01:21 INFO  [main] o.a.kafka.common.utils.AppInfoParser - Kafka commitId: 8e30984f43e64d8b
2023-11-27 19:01:21 INFO  [main] o.a.kafka.common.utils.AppInfoParser - Kafka startTimeMs: 1701091881908
2023-11-27 19:01:21 WARN  [kafka-admin-client-thread | adminclient-1] o.apache.kafka.clients.NetworkClient - [AdminClient clientId=adminclient-1] Connection to node -3 (localhost/127.0.0.1:39092) could not be established. Broker may not be available.
2023-11-27 19:01:22 INFO  [main] o.s.b.w.e.netty.NettyWebServer - Netty started on port 8182
2023-11-27 19:01:22 INFO  [main] c.m.d.k.t.e.s.KafkaToElasticServiceApplication - Started KafkaToElasticServiceApplication in 6.13 seconds (JVM running for 7.599)
2023-11-27 19:05:32 INFO  [kafka-admin-client-thread | adminclient-1] o.a.kafka.common.utils.AppInfoParser - App info kafka.admin.client for adminclient-1 unregistered
2023-11-27 19:05:32 INFO  [kafka-admin-client-thread | adminclient-1] o.a.kafka.common.metrics.Metrics - Metrics scheduler closed
2023-11-27 19:05:32 INFO  [kafka-admin-client-thread | adminclient-1] o.a.kafka.common.metrics.Metrics - Closing reporter org.apache.kafka.common.metrics.JmxReporter
2023-11-27 19:05:32 INFO  [kafka-admin-client-thread | adminclient-1] o.a.kafka.common.metrics.Metrics - Metrics reporters closed
2023-11-27 19:05:38 INFO  [main] o.s.c.c.c.ConfigServicePropertySourceLocator - Fetching config from server at : http://localhost:8888
2023-11-27 19:05:39 INFO  [main] o.s.c.c.c.ConfigServicePropertySourceLocator - Located environment: name=kafka-to-elastic,config-client, profiles=[kafka-to-elastic], label=null, version=3dee77e5f1affe6de65cdd398736874798878c26, state=null
2023-11-27 19:05:39 INFO  [main] o.s.c.b.c.PropertySourceBootstrapConfiguration - Located property source: [BootstrapPropertySource {name='bootstrapProperties-configClient'}, BootstrapPropertySource {name='bootstrapProperties-https://github.com/muditshukla3/config-server-repository/config-client-kafka-to-elastic.yml'}, BootstrapPropertySource {name='bootstrapProperties-https://github.com/muditshukla3/config-server-repository/config-client.yml'}]
2023-11-27 19:05:39 INFO  [main] c.m.d.k.t.e.s.KafkaToElasticServiceApplication - The following 1 profile is active: "kafka-to-elastic"
2023-11-27 19:05:40 INFO  [main] o.s.cloud.context.scope.GenericScope - BeanFactory id=7f7b5c22-82f6-303b-a8e1-6b742cfc2409
2023-11-27 19:05:40 INFO  [main] o.s.c.s.PostProcessorRegistrationDelegate$BeanPostProcessorChecker - Bean 'org.springframework.retry.annotation.RetryConfiguration' of type [org.springframework.retry.annotation.RetryConfiguration$$EnhancerBySpringCGLIB$$b2f3838c] is not eligible for getting processed by all BeanPostProcessors (for example: not eligible for auto-proxying)
2023-11-27 19:05:41 INFO  [main] o.a.k.c.admin.AdminClientConfig - AdminClientConfig values: 
	bootstrap.servers = [localhost:19092, localhost:29092, localhost:39092]
	client.dns.lookup = use_all_dns_ips
	client.id = 
	connections.max.idle.ms = 300000
	default.api.timeout.ms = 60000
	metadata.max.age.ms = 300000
	metric.reporters = []
	metrics.num.samples = 2
	metrics.recording.level = INFO
	metrics.sample.window.ms = 30000
	receive.buffer.bytes = 65536
	reconnect.backoff.max.ms = 1000
	reconnect.backoff.ms = 50
	request.timeout.ms = 30000
	retries = 2147483647
	retry.backoff.ms = 100
	sasl.client.callback.handler.class = null
	sasl.jaas.config = null
	sasl.kerberos.kinit.cmd = /usr/bin/kinit
	sasl.kerberos.min.time.before.relogin = 60000
	sasl.kerberos.service.name = null
	sasl.kerberos.ticket.renew.jitter = 0.05
	sasl.kerberos.ticket.renew.window.factor = 0.8
	sasl.login.callback.handler.class = null
	sasl.login.class = null
	sasl.login.refresh.buffer.seconds = 300
	sasl.login.refresh.min.period.seconds = 60
	sasl.login.refresh.window.factor = 0.8
	sasl.login.refresh.window.jitter = 0.05
	sasl.mechanism = GSSAPI
	security.protocol = PLAINTEXT
	security.providers = null
	send.buffer.bytes = 131072
	socket.connection.setup.timeout.max.ms = 30000
	socket.connection.setup.timeout.ms = 10000
	ssl.cipher.suites = null
	ssl.enabled.protocols = [TLSv1.2, TLSv1.3]
	ssl.endpoint.identification.algorithm = https
	ssl.engine.factory.class = null
	ssl.key.password = null
	ssl.keymanager.algorithm = SunX509
	ssl.keystore.certificate.chain = null
	ssl.keystore.key = null
	ssl.keystore.location = null
	ssl.keystore.password = null
	ssl.keystore.type = JKS
	ssl.protocol = TLSv1.3
	ssl.provider = null
	ssl.secure.random.implementation = null
	ssl.trustmanager.algorithm = PKIX
	ssl.truststore.certificates = null
	ssl.truststore.location = null
	ssl.truststore.password = null
	ssl.truststore.type = JKS

2023-11-27 19:05:41 INFO  [main] o.a.kafka.common.utils.AppInfoParser - Kafka version: 3.0.1
2023-11-27 19:05:41 INFO  [main] o.a.kafka.common.utils.AppInfoParser - Kafka commitId: 8e30984f43e64d8b
2023-11-27 19:05:41 INFO  [main] o.a.kafka.common.utils.AppInfoParser - Kafka startTimeMs: 1701092141148
2023-11-27 19:05:42 INFO  [main] o.s.b.w.e.netty.NettyWebServer - Netty started on port 8182
2023-11-27 19:05:42 INFO  [main] c.m.d.k.t.e.s.KafkaToElasticServiceApplication - Started KafkaToElasticServiceApplication in 4.6 seconds (JVM running for 5.405)
2023-11-27 19:07:09 INFO  [kafka-admin-client-thread | adminclient-1] o.a.kafka.common.utils.AppInfoParser - App info kafka.admin.client for adminclient-1 unregistered
2023-11-27 19:07:09 INFO  [kafka-admin-client-thread | adminclient-1] o.a.kafka.common.metrics.Metrics - Metrics scheduler closed
2023-11-27 19:07:09 INFO  [kafka-admin-client-thread | adminclient-1] o.a.kafka.common.metrics.Metrics - Closing reporter org.apache.kafka.common.metrics.JmxReporter
2023-11-27 19:07:09 INFO  [kafka-admin-client-thread | adminclient-1] o.a.kafka.common.metrics.Metrics - Metrics reporters closed
2023-11-27 19:07:30 INFO  [main] o.s.c.c.c.ConfigServicePropertySourceLocator - Fetching config from server at : http://localhost:8888
2023-11-27 19:07:31 INFO  [main] o.s.c.c.c.ConfigServicePropertySourceLocator - Located environment: name=kafka-to-elastic,config-client, profiles=[kafka-to-elastic], label=null, version=3dee77e5f1affe6de65cdd398736874798878c26, state=null
2023-11-27 19:07:31 INFO  [main] o.s.c.b.c.PropertySourceBootstrapConfiguration - Located property source: [BootstrapPropertySource {name='bootstrapProperties-configClient'}, BootstrapPropertySource {name='bootstrapProperties-https://github.com/muditshukla3/config-server-repository/config-client-kafka-to-elastic.yml'}, BootstrapPropertySource {name='bootstrapProperties-https://github.com/muditshukla3/config-server-repository/config-client.yml'}]
2023-11-27 19:07:31 INFO  [main] c.m.d.k.t.e.s.KafkaToElasticServiceApplication - The following 1 profile is active: "kafka-to-elastic"
2023-11-27 19:07:31 INFO  [main] o.s.cloud.context.scope.GenericScope - BeanFactory id=7f7b5c22-82f6-303b-a8e1-6b742cfc2409
2023-11-27 19:07:32 INFO  [main] o.s.c.s.PostProcessorRegistrationDelegate$BeanPostProcessorChecker - Bean 'org.springframework.retry.annotation.RetryConfiguration' of type [org.springframework.retry.annotation.RetryConfiguration$$EnhancerBySpringCGLIB$$9b073812] is not eligible for getting processed by all BeanPostProcessors (for example: not eligible for auto-proxying)
2023-11-27 19:07:32 INFO  [main] o.a.k.c.admin.AdminClientConfig - AdminClientConfig values: 
	bootstrap.servers = [localhost:19092, localhost:29092, localhost:39092]
	client.dns.lookup = use_all_dns_ips
	client.id = 
	connections.max.idle.ms = 300000
	default.api.timeout.ms = 60000
	metadata.max.age.ms = 300000
	metric.reporters = []
	metrics.num.samples = 2
	metrics.recording.level = INFO
	metrics.sample.window.ms = 30000
	receive.buffer.bytes = 65536
	reconnect.backoff.max.ms = 1000
	reconnect.backoff.ms = 50
	request.timeout.ms = 30000
	retries = 2147483647
	retry.backoff.ms = 100
	sasl.client.callback.handler.class = null
	sasl.jaas.config = null
	sasl.kerberos.kinit.cmd = /usr/bin/kinit
	sasl.kerberos.min.time.before.relogin = 60000
	sasl.kerberos.service.name = null
	sasl.kerberos.ticket.renew.jitter = 0.05
	sasl.kerberos.ticket.renew.window.factor = 0.8
	sasl.login.callback.handler.class = null
	sasl.login.class = null
	sasl.login.refresh.buffer.seconds = 300
	sasl.login.refresh.min.period.seconds = 60
	sasl.login.refresh.window.factor = 0.8
	sasl.login.refresh.window.jitter = 0.05
	sasl.mechanism = GSSAPI
	security.protocol = PLAINTEXT
	security.providers = null
	send.buffer.bytes = 131072
	socket.connection.setup.timeout.max.ms = 30000
	socket.connection.setup.timeout.ms = 10000
	ssl.cipher.suites = null
	ssl.enabled.protocols = [TLSv1.2, TLSv1.3]
	ssl.endpoint.identification.algorithm = https
	ssl.engine.factory.class = null
	ssl.key.password = null
	ssl.keymanager.algorithm = SunX509
	ssl.keystore.certificate.chain = null
	ssl.keystore.key = null
	ssl.keystore.location = null
	ssl.keystore.password = null
	ssl.keystore.type = JKS
	ssl.protocol = TLSv1.3
	ssl.provider = null
	ssl.secure.random.implementation = null
	ssl.trustmanager.algorithm = PKIX
	ssl.truststore.certificates = null
	ssl.truststore.location = null
	ssl.truststore.password = null
	ssl.truststore.type = JKS

2023-11-27 19:07:32 INFO  [main] o.a.kafka.common.utils.AppInfoParser - Kafka version: 3.0.1
2023-11-27 19:07:32 INFO  [main] o.a.kafka.common.utils.AppInfoParser - Kafka commitId: 8e30984f43e64d8b
2023-11-27 19:07:32 INFO  [main] o.a.kafka.common.utils.AppInfoParser - Kafka startTimeMs: 1701092252429
2023-11-27 19:07:32 WARN  [kafka-admin-client-thread | adminclient-1] o.apache.kafka.clients.NetworkClient - [AdminClient clientId=adminclient-1] Connection to node -3 (localhost/127.0.0.1:39092) could not be established. Broker may not be available.
2023-11-27 19:07:33 INFO  [main] o.s.b.w.e.netty.NettyWebServer - Netty started on port 8182
2023-11-27 19:07:33 INFO  [main] c.m.d.k.t.e.s.KafkaToElasticServiceApplication - Started KafkaToElasticServiceApplication in 4.126 seconds (JVM running for 5.427)
2023-11-27 19:11:12 INFO  [kafka-admin-client-thread | adminclient-1] o.a.kafka.common.utils.AppInfoParser - App info kafka.admin.client for adminclient-1 unregistered
2023-11-27 19:11:12 INFO  [kafka-admin-client-thread | adminclient-1] o.a.kafka.common.metrics.Metrics - Metrics scheduler closed
2023-11-27 19:11:12 INFO  [kafka-admin-client-thread | adminclient-1] o.a.kafka.common.metrics.Metrics - Closing reporter org.apache.kafka.common.metrics.JmxReporter
2023-11-27 19:11:12 INFO  [kafka-admin-client-thread | adminclient-1] o.a.kafka.common.metrics.Metrics - Metrics reporters closed
2023-11-27 19:11:19 INFO  [main] o.s.c.c.c.ConfigServicePropertySourceLocator - Fetching config from server at : http://localhost:8888
2023-11-27 19:11:20 INFO  [main] o.s.c.c.c.ConfigServicePropertySourceLocator - Located environment: name=kafka-to-elastic,config-client, profiles=[kafka-to-elastic], label=null, version=3dee77e5f1affe6de65cdd398736874798878c26, state=null
2023-11-27 19:11:20 INFO  [main] o.s.c.b.c.PropertySourceBootstrapConfiguration - Located property source: [BootstrapPropertySource {name='bootstrapProperties-configClient'}, BootstrapPropertySource {name='bootstrapProperties-https://github.com/muditshukla3/config-server-repository/config-client-kafka-to-elastic.yml'}, BootstrapPropertySource {name='bootstrapProperties-https://github.com/muditshukla3/config-server-repository/config-client.yml'}]
2023-11-27 19:11:20 INFO  [main] c.m.d.k.t.e.s.KafkaToElasticServiceApplication - The following 1 profile is active: "kafka-to-elastic"
2023-11-27 19:11:21 INFO  [main] o.s.cloud.context.scope.GenericScope - BeanFactory id=7f7b5c22-82f6-303b-a8e1-6b742cfc2409
2023-11-27 19:11:21 INFO  [main] o.s.c.s.PostProcessorRegistrationDelegate$BeanPostProcessorChecker - Bean 'org.springframework.retry.annotation.RetryConfiguration' of type [org.springframework.retry.annotation.RetryConfiguration$$EnhancerBySpringCGLIB$$9b073812] is not eligible for getting processed by all BeanPostProcessors (for example: not eligible for auto-proxying)
2023-11-27 19:11:21 INFO  [main] o.a.k.c.admin.AdminClientConfig - AdminClientConfig values: 
	bootstrap.servers = [localhost:19092, localhost:29092, localhost:39092]
	client.dns.lookup = use_all_dns_ips
	client.id = 
	connections.max.idle.ms = 300000
	default.api.timeout.ms = 60000
	metadata.max.age.ms = 300000
	metric.reporters = []
	metrics.num.samples = 2
	metrics.recording.level = INFO
	metrics.sample.window.ms = 30000
	receive.buffer.bytes = 65536
	reconnect.backoff.max.ms = 1000
	reconnect.backoff.ms = 50
	request.timeout.ms = 30000
	retries = 2147483647
	retry.backoff.ms = 100
	sasl.client.callback.handler.class = null
	sasl.jaas.config = null
	sasl.kerberos.kinit.cmd = /usr/bin/kinit
	sasl.kerberos.min.time.before.relogin = 60000
	sasl.kerberos.service.name = null
	sasl.kerberos.ticket.renew.jitter = 0.05
	sasl.kerberos.ticket.renew.window.factor = 0.8
	sasl.login.callback.handler.class = null
	sasl.login.class = null
	sasl.login.refresh.buffer.seconds = 300
	sasl.login.refresh.min.period.seconds = 60
	sasl.login.refresh.window.factor = 0.8
	sasl.login.refresh.window.jitter = 0.05
	sasl.mechanism = GSSAPI
	security.protocol = PLAINTEXT
	security.providers = null
	send.buffer.bytes = 131072
	socket.connection.setup.timeout.max.ms = 30000
	socket.connection.setup.timeout.ms = 10000
	ssl.cipher.suites = null
	ssl.enabled.protocols = [TLSv1.2, TLSv1.3]
	ssl.endpoint.identification.algorithm = https
	ssl.engine.factory.class = null
	ssl.key.password = null
	ssl.keymanager.algorithm = SunX509
	ssl.keystore.certificate.chain = null
	ssl.keystore.key = null
	ssl.keystore.location = null
	ssl.keystore.password = null
	ssl.keystore.type = JKS
	ssl.protocol = TLSv1.3
	ssl.provider = null
	ssl.secure.random.implementation = null
	ssl.trustmanager.algorithm = PKIX
	ssl.truststore.certificates = null
	ssl.truststore.location = null
	ssl.truststore.password = null
	ssl.truststore.type = JKS

2023-11-27 19:11:21 INFO  [main] o.a.kafka.common.utils.AppInfoParser - Kafka version: 3.0.1
2023-11-27 19:11:21 INFO  [main] o.a.kafka.common.utils.AppInfoParser - Kafka commitId: 8e30984f43e64d8b
2023-11-27 19:11:21 INFO  [main] o.a.kafka.common.utils.AppInfoParser - Kafka startTimeMs: 1701092481905
2023-11-27 19:11:21 WARN  [kafka-admin-client-thread | adminclient-1] o.apache.kafka.clients.NetworkClient - [AdminClient clientId=adminclient-1] Connection to node -3 (localhost/127.0.0.1:39092) could not be established. Broker may not be available.
2023-11-27 19:11:21 WARN  [kafka-admin-client-thread | adminclient-1] o.apache.kafka.clients.NetworkClient - [AdminClient clientId=adminclient-1] Connection to node -2 (localhost/127.0.0.1:29092) could not be established. Broker may not be available.
2023-11-27 19:11:22 INFO  [main] o.s.b.w.e.netty.NettyWebServer - Netty started on port 8182
2023-11-27 19:11:22 INFO  [main] c.m.d.k.t.e.s.KafkaToElasticServiceApplication - Started KafkaToElasticServiceApplication in 4.855 seconds (JVM running for 5.797)
2023-11-27 19:13:11 INFO  [kafka-admin-client-thread | adminclient-1] o.a.kafka.common.utils.AppInfoParser - App info kafka.admin.client for adminclient-1 unregistered
2023-11-27 19:13:11 INFO  [kafka-admin-client-thread | adminclient-1] o.a.kafka.common.metrics.Metrics - Metrics scheduler closed
2023-11-27 19:13:11 INFO  [kafka-admin-client-thread | adminclient-1] o.a.kafka.common.metrics.Metrics - Closing reporter org.apache.kafka.common.metrics.JmxReporter
2023-11-27 19:13:11 INFO  [kafka-admin-client-thread | adminclient-1] o.a.kafka.common.metrics.Metrics - Metrics reporters closed
2023-11-27 19:13:18 INFO  [main] o.s.c.c.c.ConfigServicePropertySourceLocator - Fetching config from server at : http://localhost:8888
2023-11-27 19:13:19 INFO  [main] o.s.c.c.c.ConfigServicePropertySourceLocator - Located environment: name=kafka-to-elastic,config-client, profiles=[kafka-to-elastic], label=null, version=3dee77e5f1affe6de65cdd398736874798878c26, state=null
2023-11-27 19:13:19 INFO  [main] o.s.c.b.c.PropertySourceBootstrapConfiguration - Located property source: [BootstrapPropertySource {name='bootstrapProperties-configClient'}, BootstrapPropertySource {name='bootstrapProperties-https://github.com/muditshukla3/config-server-repository/config-client-kafka-to-elastic.yml'}, BootstrapPropertySource {name='bootstrapProperties-https://github.com/muditshukla3/config-server-repository/config-client.yml'}]
2023-11-27 19:13:19 INFO  [main] c.m.d.k.t.e.s.KafkaToElasticServiceApplication - The following 1 profile is active: "kafka-to-elastic"
2023-11-27 19:13:20 INFO  [main] o.s.cloud.context.scope.GenericScope - BeanFactory id=7f7b5c22-82f6-303b-a8e1-6b742cfc2409
2023-11-27 19:13:20 INFO  [main] o.s.c.s.PostProcessorRegistrationDelegate$BeanPostProcessorChecker - Bean 'org.springframework.retry.annotation.RetryConfiguration' of type [org.springframework.retry.annotation.RetryConfiguration$$EnhancerBySpringCGLIB$$9b073812] is not eligible for getting processed by all BeanPostProcessors (for example: not eligible for auto-proxying)
2023-11-27 19:13:20 INFO  [main] o.a.k.c.admin.AdminClientConfig - AdminClientConfig values: 
	bootstrap.servers = [localhost:19092, localhost:29092, localhost:39092]
	client.dns.lookup = use_all_dns_ips
	client.id = 
	connections.max.idle.ms = 300000
	default.api.timeout.ms = 60000
	metadata.max.age.ms = 300000
	metric.reporters = []
	metrics.num.samples = 2
	metrics.recording.level = INFO
	metrics.sample.window.ms = 30000
	receive.buffer.bytes = 65536
	reconnect.backoff.max.ms = 1000
	reconnect.backoff.ms = 50
	request.timeout.ms = 30000
	retries = 2147483647
	retry.backoff.ms = 100
	sasl.client.callback.handler.class = null
	sasl.jaas.config = null
	sasl.kerberos.kinit.cmd = /usr/bin/kinit
	sasl.kerberos.min.time.before.relogin = 60000
	sasl.kerberos.service.name = null
	sasl.kerberos.ticket.renew.jitter = 0.05
	sasl.kerberos.ticket.renew.window.factor = 0.8
	sasl.login.callback.handler.class = null
	sasl.login.class = null
	sasl.login.refresh.buffer.seconds = 300
	sasl.login.refresh.min.period.seconds = 60
	sasl.login.refresh.window.factor = 0.8
	sasl.login.refresh.window.jitter = 0.05
	sasl.mechanism = GSSAPI
	security.protocol = PLAINTEXT
	security.providers = null
	send.buffer.bytes = 131072
	socket.connection.setup.timeout.max.ms = 30000
	socket.connection.setup.timeout.ms = 10000
	ssl.cipher.suites = null
	ssl.enabled.protocols = [TLSv1.2, TLSv1.3]
	ssl.endpoint.identification.algorithm = https
	ssl.engine.factory.class = null
	ssl.key.password = null
	ssl.keymanager.algorithm = SunX509
	ssl.keystore.certificate.chain = null
	ssl.keystore.key = null
	ssl.keystore.location = null
	ssl.keystore.password = null
	ssl.keystore.type = JKS
	ssl.protocol = TLSv1.3
	ssl.provider = null
	ssl.secure.random.implementation = null
	ssl.trustmanager.algorithm = PKIX
	ssl.truststore.certificates = null
	ssl.truststore.location = null
	ssl.truststore.password = null
	ssl.truststore.type = JKS

2023-11-27 19:13:21 INFO  [main] o.a.kafka.common.utils.AppInfoParser - Kafka version: 3.0.1
2023-11-27 19:13:21 INFO  [main] o.a.kafka.common.utils.AppInfoParser - Kafka commitId: 8e30984f43e64d8b
2023-11-27 19:13:21 INFO  [main] o.a.kafka.common.utils.AppInfoParser - Kafka startTimeMs: 1701092601070
2023-11-27 19:13:21 INFO  [main] o.s.b.w.e.netty.NettyWebServer - Netty started on port 8182
2023-11-27 19:13:21 INFO  [main] c.m.d.k.t.e.s.KafkaToElasticServiceApplication - Started KafkaToElasticServiceApplication in 4.282 seconds (JVM running for 5.261)
2023-11-27 19:17:00 INFO  [kafka-admin-client-thread | adminclient-1] o.a.kafka.common.utils.AppInfoParser - App info kafka.admin.client for adminclient-1 unregistered
2023-11-27 19:17:00 INFO  [kafka-admin-client-thread | adminclient-1] o.a.kafka.common.metrics.Metrics - Metrics scheduler closed
2023-11-27 19:17:00 INFO  [kafka-admin-client-thread | adminclient-1] o.a.kafka.common.metrics.Metrics - Closing reporter org.apache.kafka.common.metrics.JmxReporter
2023-11-27 19:17:00 INFO  [kafka-admin-client-thread | adminclient-1] o.a.kafka.common.metrics.Metrics - Metrics reporters closed
2023-11-27 19:21:24 INFO  [main] o.s.c.c.c.ConfigServicePropertySourceLocator - Fetching config from server at : http://localhost:8888
2023-11-27 19:21:26 INFO  [main] o.s.c.c.c.ConfigServicePropertySourceLocator - Located environment: name=kafka-to-elastic,config-client, profiles=[kafka-to-elastic], label=null, version=3dee77e5f1affe6de65cdd398736874798878c26, state=null
2023-11-27 19:21:26 INFO  [main] o.s.c.b.c.PropertySourceBootstrapConfiguration - Located property source: [BootstrapPropertySource {name='bootstrapProperties-configClient'}, BootstrapPropertySource {name='bootstrapProperties-https://github.com/muditshukla3/config-server-repository/config-client-kafka-to-elastic.yml'}, BootstrapPropertySource {name='bootstrapProperties-https://github.com/muditshukla3/config-server-repository/config-client.yml'}]
2023-11-27 19:21:26 INFO  [main] c.m.d.k.t.e.s.KafkaToElasticServiceApplication - The following 1 profile is active: "kafka-to-elastic"
2023-11-27 19:21:26 INFO  [main] o.s.cloud.context.scope.GenericScope - BeanFactory id=7f7b5c22-82f6-303b-a8e1-6b742cfc2409
2023-11-27 19:21:26 INFO  [main] o.s.c.s.PostProcessorRegistrationDelegate$BeanPostProcessorChecker - Bean 'org.springframework.retry.annotation.RetryConfiguration' of type [org.springframework.retry.annotation.RetryConfiguration$$EnhancerBySpringCGLIB$$d4167fc7] is not eligible for getting processed by all BeanPostProcessors (for example: not eligible for auto-proxying)
2023-11-27 19:21:27 INFO  [main] o.a.k.c.admin.AdminClientConfig - AdminClientConfig values: 
	bootstrap.servers = [localhost:19092, localhost:29092, localhost:39092]
	client.dns.lookup = use_all_dns_ips
	client.id = 
	connections.max.idle.ms = 300000
	default.api.timeout.ms = 60000
	metadata.max.age.ms = 300000
	metric.reporters = []
	metrics.num.samples = 2
	metrics.recording.level = INFO
	metrics.sample.window.ms = 30000
	receive.buffer.bytes = 65536
	reconnect.backoff.max.ms = 1000
	reconnect.backoff.ms = 50
	request.timeout.ms = 30000
	retries = 2147483647
	retry.backoff.ms = 100
	sasl.client.callback.handler.class = null
	sasl.jaas.config = null
	sasl.kerberos.kinit.cmd = /usr/bin/kinit
	sasl.kerberos.min.time.before.relogin = 60000
	sasl.kerberos.service.name = null
	sasl.kerberos.ticket.renew.jitter = 0.05
	sasl.kerberos.ticket.renew.window.factor = 0.8
	sasl.login.callback.handler.class = null
	sasl.login.class = null
	sasl.login.refresh.buffer.seconds = 300
	sasl.login.refresh.min.period.seconds = 60
	sasl.login.refresh.window.factor = 0.8
	sasl.login.refresh.window.jitter = 0.05
	sasl.mechanism = GSSAPI
	security.protocol = PLAINTEXT
	security.providers = null
	send.buffer.bytes = 131072
	socket.connection.setup.timeout.max.ms = 30000
	socket.connection.setup.timeout.ms = 10000
	ssl.cipher.suites = null
	ssl.enabled.protocols = [TLSv1.2, TLSv1.3]
	ssl.endpoint.identification.algorithm = https
	ssl.engine.factory.class = null
	ssl.key.password = null
	ssl.keymanager.algorithm = SunX509
	ssl.keystore.certificate.chain = null
	ssl.keystore.key = null
	ssl.keystore.location = null
	ssl.keystore.password = null
	ssl.keystore.type = JKS
	ssl.protocol = TLSv1.3
	ssl.provider = null
	ssl.secure.random.implementation = null
	ssl.trustmanager.algorithm = PKIX
	ssl.truststore.certificates = null
	ssl.truststore.location = null
	ssl.truststore.password = null
	ssl.truststore.type = JKS

2023-11-27 19:21:27 INFO  [main] o.a.kafka.common.utils.AppInfoParser - Kafka version: 3.0.1
2023-11-27 19:21:27 INFO  [main] o.a.kafka.common.utils.AppInfoParser - Kafka commitId: 8e30984f43e64d8b
2023-11-27 19:21:27 INFO  [main] o.a.kafka.common.utils.AppInfoParser - Kafka startTimeMs: 1701093087434
2023-11-27 19:21:27 WARN  [kafka-admin-client-thread | adminclient-1] o.apache.kafka.clients.NetworkClient - [AdminClient clientId=adminclient-1] Connection to node -3 (localhost/127.0.0.1:39092) could not be established. Broker may not be available.
2023-11-27 19:21:27 WARN  [kafka-admin-client-thread | adminclient-1] o.apache.kafka.clients.NetworkClient - [AdminClient clientId=adminclient-1] Connection to node -2 (localhost/127.0.0.1:29092) could not be established. Broker may not be available.
2023-11-27 19:21:28 INFO  [main] o.s.b.w.e.netty.NettyWebServer - Netty started on port 8182
2023-11-27 19:21:28 INFO  [main] c.m.d.k.t.e.s.KafkaToElasticServiceApplication - Started KafkaToElasticServiceApplication in 4.863 seconds (JVM running for 5.974)
2023-11-27 19:21:28 INFO  [main] c.m.d.k.a.client.KafkaAdminClient - Reading kafka topic [twitter-topic], attempt 0
2023-11-27 19:21:28 INFO  [main] c.m.d.k.t.e.s.c.i.TwitterKafkaConsumer - Topics with the name twitter-topic is ready for operation:: 
2023-11-27 19:21:28 INFO  [main] o.a.k.c.consumer.ConsumerConfig - ConsumerConfig values: 
	allow.auto.create.topics = true
	auto.commit.interval.ms = 5000
	auto.offset.reset = earliest
	bootstrap.servers = [localhost:19092, localhost:29092, localhost:39092]
	check.crcs = true
	client.dns.lookup = use_all_dns_ips
	client.id = consumer-twitterTopicListener-1
	client.rack = 
	connections.max.idle.ms = 540000
	default.api.timeout.ms = 60000
	enable.auto.commit = false
	exclude.internal.topics = true
	fetch.max.bytes = 52428800
	fetch.max.wait.ms = 500
	fetch.min.bytes = 1
	group.id = twitterTopicListener
	group.instance.id = null
	heartbeat.interval.ms = 3000
	interceptor.classes = []
	internal.leave.group.on.close = true
	internal.throw.on.fetch.stable.offset.unsupported = false
	isolation.level = read_uncommitted
	key.deserializer = class org.apache.kafka.common.serialization.LongDeserializer
	max.partition.fetch.bytes = 1048576
	max.poll.interval.ms = 300000
	max.poll.records = 500
	metadata.max.age.ms = 300000
	metric.reporters = []
	metrics.num.samples = 2
	metrics.recording.level = INFO
	metrics.sample.window.ms = 30000
	partition.assignment.strategy = [class org.apache.kafka.clients.consumer.RangeAssignor, class org.apache.kafka.clients.consumer.CooperativeStickyAssignor]
	receive.buffer.bytes = 65536
	reconnect.backoff.max.ms = 1000
	reconnect.backoff.ms = 50
	request.timeout.ms = 30000
	retry.backoff.ms = 100
	sasl.client.callback.handler.class = null
	sasl.jaas.config = null
	sasl.kerberos.kinit.cmd = /usr/bin/kinit
	sasl.kerberos.min.time.before.relogin = 60000
	sasl.kerberos.service.name = null
	sasl.kerberos.ticket.renew.jitter = 0.05
	sasl.kerberos.ticket.renew.window.factor = 0.8
	sasl.login.callback.handler.class = null
	sasl.login.class = null
	sasl.login.refresh.buffer.seconds = 300
	sasl.login.refresh.min.period.seconds = 60
	sasl.login.refresh.window.factor = 0.8
	sasl.login.refresh.window.jitter = 0.05
	sasl.mechanism = GSSAPI
	security.protocol = PLAINTEXT
	security.providers = null
	send.buffer.bytes = 131072
	session.timeout.ms = 10000
	socket.connection.setup.timeout.max.ms = 30000
	socket.connection.setup.timeout.ms = 10000
	ssl.cipher.suites = null
	ssl.enabled.protocols = [TLSv1.2, TLSv1.3]
	ssl.endpoint.identification.algorithm = https
	ssl.engine.factory.class = null
	ssl.key.password = null
	ssl.keymanager.algorithm = SunX509
	ssl.keystore.certificate.chain = null
	ssl.keystore.key = null
	ssl.keystore.location = null
	ssl.keystore.password = null
	ssl.keystore.type = JKS
	ssl.protocol = TLSv1.3
	ssl.provider = null
	ssl.secure.random.implementation = null
	ssl.trustmanager.algorithm = PKIX
	ssl.truststore.certificates = null
	ssl.truststore.location = null
	ssl.truststore.password = null
	ssl.truststore.type = JKS
	value.deserializer = class io.confluent.kafka.serializers.KafkaAvroDeserializer

2023-11-27 19:21:28 INFO  [main] i.c.k.s.KafkaAvroDeserializerConfig - KafkaAvroDeserializerConfig values: 
	auto.register.schemas = true
	avro.reflection.allow.null = false
	avro.use.logical.type.converters = false
	basic.auth.credentials.source = URL
	basic.auth.user.info = [hidden]
	bearer.auth.credentials.source = STATIC_TOKEN
	bearer.auth.token = [hidden]
	context.name.strategy = class io.confluent.kafka.serializers.context.NullContextNameStrategy
	id.compatibility.strict = true
	key.subject.name.strategy = class io.confluent.kafka.serializers.subject.TopicNameStrategy
	latest.compatibility.strict = true
	max.schemas.per.subject = 1000
	normalize.schemas = false
	proxy.host = 
	proxy.port = -1
	schema.reflection = false
	schema.registry.basic.auth.user.info = [hidden]
	schema.registry.ssl.cipher.suites = null
	schema.registry.ssl.enabled.protocols = [TLSv1.2, TLSv1.3]
	schema.registry.ssl.endpoint.identification.algorithm = https
	schema.registry.ssl.engine.factory.class = null
	schema.registry.ssl.key.password = null
	schema.registry.ssl.keymanager.algorithm = SunX509
	schema.registry.ssl.keystore.certificate.chain = null
	schema.registry.ssl.keystore.key = null
	schema.registry.ssl.keystore.location = null
	schema.registry.ssl.keystore.password = null
	schema.registry.ssl.keystore.type = JKS
	schema.registry.ssl.protocol = TLSv1.3
	schema.registry.ssl.provider = null
	schema.registry.ssl.secure.random.implementation = null
	schema.registry.ssl.trustmanager.algorithm = PKIX
	schema.registry.ssl.truststore.certificates = null
	schema.registry.ssl.truststore.location = null
	schema.registry.ssl.truststore.password = null
	schema.registry.ssl.truststore.type = JKS
	schema.registry.url = [http://localhost:8081]
	specific.avro.reader = true
	use.latest.version = false
	use.schema.id = -1
	value.subject.name.strategy = class io.confluent.kafka.serializers.subject.TopicNameStrategy

2023-11-27 19:21:28 INFO  [main] o.a.kafka.common.utils.AppInfoParser - Kafka version: 3.0.1
2023-11-27 19:21:28 INFO  [main] o.a.kafka.common.utils.AppInfoParser - Kafka commitId: 8e30984f43e64d8b
2023-11-27 19:21:28 INFO  [main] o.a.kafka.common.utils.AppInfoParser - Kafka startTimeMs: 1701093088421
2023-11-27 19:21:28 INFO  [main] o.a.k.clients.consumer.KafkaConsumer - [Consumer clientId=consumer-twitterTopicListener-1, groupId=twitterTopicListener] Subscribed to topic(s): twitter-topic
2023-11-27 19:21:28 INFO  [main] o.a.k.c.consumer.ConsumerConfig - ConsumerConfig values: 
	allow.auto.create.topics = true
	auto.commit.interval.ms = 5000
	auto.offset.reset = earliest
	bootstrap.servers = [localhost:19092, localhost:29092, localhost:39092]
	check.crcs = true
	client.dns.lookup = use_all_dns_ips
	client.id = consumer-twitterTopicListener-2
	client.rack = 
	connections.max.idle.ms = 540000
	default.api.timeout.ms = 60000
	enable.auto.commit = false
	exclude.internal.topics = true
	fetch.max.bytes = 52428800
	fetch.max.wait.ms = 500
	fetch.min.bytes = 1
	group.id = twitterTopicListener
	group.instance.id = null
	heartbeat.interval.ms = 3000
	interceptor.classes = []
	internal.leave.group.on.close = true
	internal.throw.on.fetch.stable.offset.unsupported = false
	isolation.level = read_uncommitted
	key.deserializer = class org.apache.kafka.common.serialization.LongDeserializer
	max.partition.fetch.bytes = 1048576
	max.poll.interval.ms = 300000
	max.poll.records = 500
	metadata.max.age.ms = 300000
	metric.reporters = []
	metrics.num.samples = 2
	metrics.recording.level = INFO
	metrics.sample.window.ms = 30000
	partition.assignment.strategy = [class org.apache.kafka.clients.consumer.RangeAssignor, class org.apache.kafka.clients.consumer.CooperativeStickyAssignor]
	receive.buffer.bytes = 65536
	reconnect.backoff.max.ms = 1000
	reconnect.backoff.ms = 50
	request.timeout.ms = 30000
	retry.backoff.ms = 100
	sasl.client.callback.handler.class = null
	sasl.jaas.config = null
	sasl.kerberos.kinit.cmd = /usr/bin/kinit
	sasl.kerberos.min.time.before.relogin = 60000
	sasl.kerberos.service.name = null
	sasl.kerberos.ticket.renew.jitter = 0.05
	sasl.kerberos.ticket.renew.window.factor = 0.8
	sasl.login.callback.handler.class = null
	sasl.login.class = null
	sasl.login.refresh.buffer.seconds = 300
	sasl.login.refresh.min.period.seconds = 60
	sasl.login.refresh.window.factor = 0.8
	sasl.login.refresh.window.jitter = 0.05
	sasl.mechanism = GSSAPI
	security.protocol = PLAINTEXT
	security.providers = null
	send.buffer.bytes = 131072
	session.timeout.ms = 10000
	socket.connection.setup.timeout.max.ms = 30000
	socket.connection.setup.timeout.ms = 10000
	ssl.cipher.suites = null
	ssl.enabled.protocols = [TLSv1.2, TLSv1.3]
	ssl.endpoint.identification.algorithm = https
	ssl.engine.factory.class = null
	ssl.key.password = null
	ssl.keymanager.algorithm = SunX509
	ssl.keystore.certificate.chain = null
	ssl.keystore.key = null
	ssl.keystore.location = null
	ssl.keystore.password = null
	ssl.keystore.type = JKS
	ssl.protocol = TLSv1.3
	ssl.provider = null
	ssl.secure.random.implementation = null
	ssl.trustmanager.algorithm = PKIX
	ssl.truststore.certificates = null
	ssl.truststore.location = null
	ssl.truststore.password = null
	ssl.truststore.type = JKS
	value.deserializer = class io.confluent.kafka.serializers.KafkaAvroDeserializer

2023-11-27 19:21:28 INFO  [main] i.c.k.s.KafkaAvroDeserializerConfig - KafkaAvroDeserializerConfig values: 
	auto.register.schemas = true
	avro.reflection.allow.null = false
	avro.use.logical.type.converters = false
	basic.auth.credentials.source = URL
	basic.auth.user.info = [hidden]
	bearer.auth.credentials.source = STATIC_TOKEN
	bearer.auth.token = [hidden]
	context.name.strategy = class io.confluent.kafka.serializers.context.NullContextNameStrategy
	id.compatibility.strict = true
	key.subject.name.strategy = class io.confluent.kafka.serializers.subject.TopicNameStrategy
	latest.compatibility.strict = true
	max.schemas.per.subject = 1000
	normalize.schemas = false
	proxy.host = 
	proxy.port = -1
	schema.reflection = false
	schema.registry.basic.auth.user.info = [hidden]
	schema.registry.ssl.cipher.suites = null
	schema.registry.ssl.enabled.protocols = [TLSv1.2, TLSv1.3]
	schema.registry.ssl.endpoint.identification.algorithm = https
	schema.registry.ssl.engine.factory.class = null
	schema.registry.ssl.key.password = null
	schema.registry.ssl.keymanager.algorithm = SunX509
	schema.registry.ssl.keystore.certificate.chain = null
	schema.registry.ssl.keystore.key = null
	schema.registry.ssl.keystore.location = null
	schema.registry.ssl.keystore.password = null
	schema.registry.ssl.keystore.type = JKS
	schema.registry.ssl.protocol = TLSv1.3
	schema.registry.ssl.provider = null
	schema.registry.ssl.secure.random.implementation = null
	schema.registry.ssl.trustmanager.algorithm = PKIX
	schema.registry.ssl.truststore.certificates = null
	schema.registry.ssl.truststore.location = null
	schema.registry.ssl.truststore.password = null
	schema.registry.ssl.truststore.type = JKS
	schema.registry.url = [http://localhost:8081]
	specific.avro.reader = true
	use.latest.version = false
	use.schema.id = -1
	value.subject.name.strategy = class io.confluent.kafka.serializers.subject.TopicNameStrategy

2023-11-27 19:21:28 INFO  [main] o.a.kafka.common.utils.AppInfoParser - Kafka version: 3.0.1
2023-11-27 19:21:28 INFO  [main] o.a.kafka.common.utils.AppInfoParser - Kafka commitId: 8e30984f43e64d8b
2023-11-27 19:21:28 INFO  [main] o.a.kafka.common.utils.AppInfoParser - Kafka startTimeMs: 1701093088449
2023-11-27 19:21:28 INFO  [main] o.a.k.clients.consumer.KafkaConsumer - [Consumer clientId=consumer-twitterTopicListener-2, groupId=twitterTopicListener] Subscribed to topic(s): twitter-topic
2023-11-27 19:21:28 INFO  [main] o.a.k.c.consumer.ConsumerConfig - ConsumerConfig values: 
	allow.auto.create.topics = true
	auto.commit.interval.ms = 5000
	auto.offset.reset = earliest
	bootstrap.servers = [localhost:19092, localhost:29092, localhost:39092]
	check.crcs = true
	client.dns.lookup = use_all_dns_ips
	client.id = consumer-twitterTopicListener-3
	client.rack = 
	connections.max.idle.ms = 540000
	default.api.timeout.ms = 60000
	enable.auto.commit = false
	exclude.internal.topics = true
	fetch.max.bytes = 52428800
	fetch.max.wait.ms = 500
	fetch.min.bytes = 1
	group.id = twitterTopicListener
	group.instance.id = null
	heartbeat.interval.ms = 3000
	interceptor.classes = []
	internal.leave.group.on.close = true
	internal.throw.on.fetch.stable.offset.unsupported = false
	isolation.level = read_uncommitted
	key.deserializer = class org.apache.kafka.common.serialization.LongDeserializer
	max.partition.fetch.bytes = 1048576
	max.poll.interval.ms = 300000
	max.poll.records = 500
	metadata.max.age.ms = 300000
	metric.reporters = []
	metrics.num.samples = 2
	metrics.recording.level = INFO
	metrics.sample.window.ms = 30000
	partition.assignment.strategy = [class org.apache.kafka.clients.consumer.RangeAssignor, class org.apache.kafka.clients.consumer.CooperativeStickyAssignor]
	receive.buffer.bytes = 65536
	reconnect.backoff.max.ms = 1000
	reconnect.backoff.ms = 50
	request.timeout.ms = 30000
	retry.backoff.ms = 100
	sasl.client.callback.handler.class = null
	sasl.jaas.config = null
	sasl.kerberos.kinit.cmd = /usr/bin/kinit
	sasl.kerberos.min.time.before.relogin = 60000
	sasl.kerberos.service.name = null
	sasl.kerberos.ticket.renew.jitter = 0.05
	sasl.kerberos.ticket.renew.window.factor = 0.8
	sasl.login.callback.handler.class = null
	sasl.login.class = null
	sasl.login.refresh.buffer.seconds = 300
	sasl.login.refresh.min.period.seconds = 60
	sasl.login.refresh.window.factor = 0.8
	sasl.login.refresh.window.jitter = 0.05
	sasl.mechanism = GSSAPI
	security.protocol = PLAINTEXT
	security.providers = null
	send.buffer.bytes = 131072
	session.timeout.ms = 10000
	socket.connection.setup.timeout.max.ms = 30000
	socket.connection.setup.timeout.ms = 10000
	ssl.cipher.suites = null
	ssl.enabled.protocols = [TLSv1.2, TLSv1.3]
	ssl.endpoint.identification.algorithm = https
	ssl.engine.factory.class = null
	ssl.key.password = null
	ssl.keymanager.algorithm = SunX509
	ssl.keystore.certificate.chain = null
	ssl.keystore.key = null
	ssl.keystore.location = null
	ssl.keystore.password = null
	ssl.keystore.type = JKS
	ssl.protocol = TLSv1.3
	ssl.provider = null
	ssl.secure.random.implementation = null
	ssl.trustmanager.algorithm = PKIX
	ssl.truststore.certificates = null
	ssl.truststore.location = null
	ssl.truststore.password = null
	ssl.truststore.type = JKS
	value.deserializer = class io.confluent.kafka.serializers.KafkaAvroDeserializer

2023-11-27 19:21:28 INFO  [main] i.c.k.s.KafkaAvroDeserializerConfig - KafkaAvroDeserializerConfig values: 
	auto.register.schemas = true
	avro.reflection.allow.null = false
	avro.use.logical.type.converters = false
	basic.auth.credentials.source = URL
	basic.auth.user.info = [hidden]
	bearer.auth.credentials.source = STATIC_TOKEN
	bearer.auth.token = [hidden]
	context.name.strategy = class io.confluent.kafka.serializers.context.NullContextNameStrategy
	id.compatibility.strict = true
	key.subject.name.strategy = class io.confluent.kafka.serializers.subject.TopicNameStrategy
	latest.compatibility.strict = true
	max.schemas.per.subject = 1000
	normalize.schemas = false
	proxy.host = 
	proxy.port = -1
	schema.reflection = false
	schema.registry.basic.auth.user.info = [hidden]
	schema.registry.ssl.cipher.suites = null
	schema.registry.ssl.enabled.protocols = [TLSv1.2, TLSv1.3]
	schema.registry.ssl.endpoint.identification.algorithm = https
	schema.registry.ssl.engine.factory.class = null
	schema.registry.ssl.key.password = null
	schema.registry.ssl.keymanager.algorithm = SunX509
	schema.registry.ssl.keystore.certificate.chain = null
	schema.registry.ssl.keystore.key = null
	schema.registry.ssl.keystore.location = null
	schema.registry.ssl.keystore.password = null
	schema.registry.ssl.keystore.type = JKS
	schema.registry.ssl.protocol = TLSv1.3
	schema.registry.ssl.provider = null
	schema.registry.ssl.secure.random.implementation = null
	schema.registry.ssl.trustmanager.algorithm = PKIX
	schema.registry.ssl.truststore.certificates = null
	schema.registry.ssl.truststore.location = null
	schema.registry.ssl.truststore.password = null
	schema.registry.ssl.truststore.type = JKS
	schema.registry.url = [http://localhost:8081]
	specific.avro.reader = true
	use.latest.version = false
	use.schema.id = -1
	value.subject.name.strategy = class io.confluent.kafka.serializers.subject.TopicNameStrategy

2023-11-27 19:21:28 INFO  [twitterTopicListener-0-C-1] org.apache.kafka.clients.Metadata - [Consumer clientId=consumer-twitterTopicListener-1, groupId=twitterTopicListener] Resetting the last seen epoch of partition twitter-topic-0 to 10 since the associated topicId changed from null to x7vMx-bfSfS4XG2xIhg9Mg
2023-11-27 19:21:28 INFO  [twitterTopicListener-0-C-1] org.apache.kafka.clients.Metadata - [Consumer clientId=consumer-twitterTopicListener-1, groupId=twitterTopicListener] Resetting the last seen epoch of partition twitter-topic-2 to 13 since the associated topicId changed from null to x7vMx-bfSfS4XG2xIhg9Mg
2023-11-27 19:21:28 INFO  [twitterTopicListener-0-C-1] org.apache.kafka.clients.Metadata - [Consumer clientId=consumer-twitterTopicListener-1, groupId=twitterTopicListener] Resetting the last seen epoch of partition twitter-topic-1 to 13 since the associated topicId changed from null to x7vMx-bfSfS4XG2xIhg9Mg
2023-11-27 19:21:28 INFO  [twitterTopicListener-1-C-1] org.apache.kafka.clients.Metadata - [Consumer clientId=consumer-twitterTopicListener-2, groupId=twitterTopicListener] Resetting the last seen epoch of partition twitter-topic-0 to 10 since the associated topicId changed from null to x7vMx-bfSfS4XG2xIhg9Mg
2023-11-27 19:21:28 INFO  [twitterTopicListener-1-C-1] org.apache.kafka.clients.Metadata - [Consumer clientId=consumer-twitterTopicListener-2, groupId=twitterTopicListener] Resetting the last seen epoch of partition twitter-topic-2 to 13 since the associated topicId changed from null to x7vMx-bfSfS4XG2xIhg9Mg
2023-11-27 19:21:28 INFO  [twitterTopicListener-1-C-1] org.apache.kafka.clients.Metadata - [Consumer clientId=consumer-twitterTopicListener-2, groupId=twitterTopicListener] Resetting the last seen epoch of partition twitter-topic-1 to 13 since the associated topicId changed from null to x7vMx-bfSfS4XG2xIhg9Mg
2023-11-27 19:21:28 INFO  [main] o.a.kafka.common.utils.AppInfoParser - Kafka version: 3.0.1
2023-11-27 19:21:28 INFO  [main] o.a.kafka.common.utils.AppInfoParser - Kafka commitId: 8e30984f43e64d8b
2023-11-27 19:21:28 INFO  [main] o.a.kafka.common.utils.AppInfoParser - Kafka startTimeMs: 1701093088464
2023-11-27 19:21:28 INFO  [main] o.a.k.clients.consumer.KafkaConsumer - [Consumer clientId=consumer-twitterTopicListener-3, groupId=twitterTopicListener] Subscribed to topic(s): twitter-topic
2023-11-27 19:21:28 INFO  [twitterTopicListener-0-C-1] org.apache.kafka.clients.Metadata - [Consumer clientId=consumer-twitterTopicListener-1, groupId=twitterTopicListener] Cluster ID: nfVJiSR_RBm4WA5Xmasnmg
2023-11-27 19:21:28 INFO  [twitterTopicListener-1-C-1] org.apache.kafka.clients.Metadata - [Consumer clientId=consumer-twitterTopicListener-2, groupId=twitterTopicListener] Cluster ID: nfVJiSR_RBm4WA5Xmasnmg
2023-11-27 19:21:28 WARN  [twitterTopicListener-2-C-1] o.apache.kafka.clients.NetworkClient - [Consumer clientId=consumer-twitterTopicListener-3, groupId=twitterTopicListener] Connection to node -2 (localhost/127.0.0.1:29092) could not be established. Broker may not be available.
2023-11-27 19:21:28 WARN  [twitterTopicListener-2-C-1] o.apache.kafka.clients.NetworkClient - [Consumer clientId=consumer-twitterTopicListener-3, groupId=twitterTopicListener] Bootstrap broker localhost:29092 (id: -2 rack: null) disconnected
2023-11-27 19:21:28 INFO  [twitterTopicListener-0-C-1] o.a.k.c.c.i.ConsumerCoordinator - [Consumer clientId=consumer-twitterTopicListener-1, groupId=twitterTopicListener] Discovered group coordinator localhost:19092 (id: 2147483646 rack: null)
2023-11-27 19:21:28 INFO  [twitterTopicListener-1-C-1] o.a.k.c.c.i.ConsumerCoordinator - [Consumer clientId=consumer-twitterTopicListener-2, groupId=twitterTopicListener] Discovered group coordinator localhost:19092 (id: 2147483646 rack: null)
2023-11-27 19:21:28 INFO  [twitterTopicListener-1-C-1] o.a.k.c.c.i.ConsumerCoordinator - [Consumer clientId=consumer-twitterTopicListener-2, groupId=twitterTopicListener] (Re-)joining group
2023-11-27 19:21:28 INFO  [twitterTopicListener-0-C-1] o.a.k.c.c.i.ConsumerCoordinator - [Consumer clientId=consumer-twitterTopicListener-1, groupId=twitterTopicListener] (Re-)joining group
2023-11-27 19:21:28 INFO  [twitterTopicListener-0-C-1] o.a.k.c.c.i.ConsumerCoordinator - [Consumer clientId=consumer-twitterTopicListener-1, groupId=twitterTopicListener] Request joining group due to: need to re-join with the given member-id
2023-11-27 19:21:28 INFO  [twitterTopicListener-1-C-1] o.a.k.c.c.i.ConsumerCoordinator - [Consumer clientId=consumer-twitterTopicListener-2, groupId=twitterTopicListener] Request joining group due to: need to re-join with the given member-id
2023-11-27 19:21:28 INFO  [twitterTopicListener-0-C-1] o.a.k.c.c.i.ConsumerCoordinator - [Consumer clientId=consumer-twitterTopicListener-1, groupId=twitterTopicListener] (Re-)joining group
2023-11-27 19:21:28 INFO  [twitterTopicListener-1-C-1] o.a.k.c.c.i.ConsumerCoordinator - [Consumer clientId=consumer-twitterTopicListener-2, groupId=twitterTopicListener] (Re-)joining group
2023-11-27 19:21:28 WARN  [twitterTopicListener-2-C-1] o.apache.kafka.clients.NetworkClient - [Consumer clientId=consumer-twitterTopicListener-3, groupId=twitterTopicListener] Connection to node -3 (localhost/127.0.0.1:39092) could not be established. Broker may not be available.
2023-11-27 19:21:28 WARN  [twitterTopicListener-2-C-1] o.apache.kafka.clients.NetworkClient - [Consumer clientId=consumer-twitterTopicListener-3, groupId=twitterTopicListener] Bootstrap broker localhost:39092 (id: -3 rack: null) disconnected
2023-11-27 19:21:28 INFO  [twitterTopicListener-2-C-1] o.a.k.c.c.i.ConsumerCoordinator - [Consumer clientId=consumer-twitterTopicListener-3, groupId=twitterTopicListener] Discovered group coordinator localhost:19092 (id: 2147483646 rack: null)
2023-11-27 19:21:28 INFO  [twitterTopicListener-2-C-1] o.a.k.c.c.i.ConsumerCoordinator - [Consumer clientId=consumer-twitterTopicListener-3, groupId=twitterTopicListener] (Re-)joining group
2023-11-27 19:21:28 INFO  [twitterTopicListener-2-C-1] o.a.k.c.c.i.ConsumerCoordinator - [Consumer clientId=consumer-twitterTopicListener-3, groupId=twitterTopicListener] Request joining group due to: need to re-join with the given member-id
2023-11-27 19:21:28 INFO  [twitterTopicListener-2-C-1] o.a.k.c.c.i.ConsumerCoordinator - [Consumer clientId=consumer-twitterTopicListener-3, groupId=twitterTopicListener] (Re-)joining group
2023-11-27 19:21:28 INFO  [twitterTopicListener-2-C-1] org.apache.kafka.clients.Metadata - [Consumer clientId=consumer-twitterTopicListener-3, groupId=twitterTopicListener] Resetting the last seen epoch of partition twitter-topic-0 to 10 since the associated topicId changed from null to x7vMx-bfSfS4XG2xIhg9Mg
2023-11-27 19:21:28 INFO  [twitterTopicListener-2-C-1] org.apache.kafka.clients.Metadata - [Consumer clientId=consumer-twitterTopicListener-3, groupId=twitterTopicListener] Resetting the last seen epoch of partition twitter-topic-2 to 13 since the associated topicId changed from null to x7vMx-bfSfS4XG2xIhg9Mg
2023-11-27 19:21:28 INFO  [twitterTopicListener-2-C-1] org.apache.kafka.clients.Metadata - [Consumer clientId=consumer-twitterTopicListener-3, groupId=twitterTopicListener] Resetting the last seen epoch of partition twitter-topic-1 to 13 since the associated topicId changed from null to x7vMx-bfSfS4XG2xIhg9Mg
2023-11-27 19:21:28 INFO  [twitterTopicListener-2-C-1] org.apache.kafka.clients.Metadata - [Consumer clientId=consumer-twitterTopicListener-3, groupId=twitterTopicListener] Cluster ID: nfVJiSR_RBm4WA5Xmasnmg
2023-11-27 19:21:34 INFO  [twitterTopicListener-1-C-1] o.a.k.c.c.i.ConsumerCoordinator - [Consumer clientId=consumer-twitterTopicListener-2, groupId=twitterTopicListener] Successfully joined group with generation Generation{generationId=1, memberId='consumer-twitterTopicListener-2-b7094490-ccbe-4266-b86e-72cad467f55c', protocol='range'}
2023-11-27 19:21:34 INFO  [twitterTopicListener-2-C-1] o.a.k.c.c.i.ConsumerCoordinator - [Consumer clientId=consumer-twitterTopicListener-3, groupId=twitterTopicListener] Successfully joined group with generation Generation{generationId=1, memberId='consumer-twitterTopicListener-3-6f83ab8f-9627-4cfd-bb96-25e257a74550', protocol='range'}
2023-11-27 19:21:34 INFO  [twitterTopicListener-0-C-1] o.a.k.c.c.i.ConsumerCoordinator - [Consumer clientId=consumer-twitterTopicListener-1, groupId=twitterTopicListener] Successfully joined group with generation Generation{generationId=1, memberId='consumer-twitterTopicListener-1-fb0b18dc-fc93-4b25-b16e-1bf3b25808e1', protocol='range'}
2023-11-27 19:21:34 INFO  [twitterTopicListener-0-C-1] o.a.k.c.c.i.ConsumerCoordinator - [Consumer clientId=consumer-twitterTopicListener-1, groupId=twitterTopicListener] Finished assignment for group at generation 1: {consumer-twitterTopicListener-2-b7094490-ccbe-4266-b86e-72cad467f55c=Assignment(partitions=[twitter-topic-1]), consumer-twitterTopicListener-3-6f83ab8f-9627-4cfd-bb96-25e257a74550=Assignment(partitions=[twitter-topic-2]), consumer-twitterTopicListener-1-fb0b18dc-fc93-4b25-b16e-1bf3b25808e1=Assignment(partitions=[twitter-topic-0])}
2023-11-27 19:21:34 INFO  [twitterTopicListener-1-C-1] o.a.k.c.c.i.ConsumerCoordinator - [Consumer clientId=consumer-twitterTopicListener-2, groupId=twitterTopicListener] Successfully synced group in generation Generation{generationId=1, memberId='consumer-twitterTopicListener-2-b7094490-ccbe-4266-b86e-72cad467f55c', protocol='range'}
2023-11-27 19:21:34 INFO  [twitterTopicListener-2-C-1] o.a.k.c.c.i.ConsumerCoordinator - [Consumer clientId=consumer-twitterTopicListener-3, groupId=twitterTopicListener] Successfully synced group in generation Generation{generationId=1, memberId='consumer-twitterTopicListener-3-6f83ab8f-9627-4cfd-bb96-25e257a74550', protocol='range'}
2023-11-27 19:21:34 INFO  [twitterTopicListener-1-C-1] o.a.k.c.c.i.ConsumerCoordinator - [Consumer clientId=consumer-twitterTopicListener-2, groupId=twitterTopicListener] Notifying assignor about the new Assignment(partitions=[twitter-topic-1])
2023-11-27 19:21:34 INFO  [twitterTopicListener-2-C-1] o.a.k.c.c.i.ConsumerCoordinator - [Consumer clientId=consumer-twitterTopicListener-3, groupId=twitterTopicListener] Notifying assignor about the new Assignment(partitions=[twitter-topic-2])
2023-11-27 19:21:34 INFO  [twitterTopicListener-0-C-1] o.a.k.c.c.i.ConsumerCoordinator - [Consumer clientId=consumer-twitterTopicListener-1, groupId=twitterTopicListener] Successfully synced group in generation Generation{generationId=1, memberId='consumer-twitterTopicListener-1-fb0b18dc-fc93-4b25-b16e-1bf3b25808e1', protocol='range'}
2023-11-27 19:21:34 INFO  [twitterTopicListener-0-C-1] o.a.k.c.c.i.ConsumerCoordinator - [Consumer clientId=consumer-twitterTopicListener-1, groupId=twitterTopicListener] Notifying assignor about the new Assignment(partitions=[twitter-topic-0])
2023-11-27 19:21:34 INFO  [twitterTopicListener-2-C-1] o.a.k.c.c.i.ConsumerCoordinator - [Consumer clientId=consumer-twitterTopicListener-3, groupId=twitterTopicListener] Adding newly assigned partitions: twitter-topic-2
2023-11-27 19:21:34 INFO  [twitterTopicListener-0-C-1] o.a.k.c.c.i.ConsumerCoordinator - [Consumer clientId=consumer-twitterTopicListener-1, groupId=twitterTopicListener] Adding newly assigned partitions: twitter-topic-0
2023-11-27 19:21:34 INFO  [twitterTopicListener-1-C-1] o.a.k.c.c.i.ConsumerCoordinator - [Consumer clientId=consumer-twitterTopicListener-2, groupId=twitterTopicListener] Adding newly assigned partitions: twitter-topic-1
2023-11-27 19:21:34 INFO  [twitterTopicListener-2-C-1] o.a.k.c.c.i.ConsumerCoordinator - [Consumer clientId=consumer-twitterTopicListener-3, groupId=twitterTopicListener] Found no committed offset for partition twitter-topic-2
2023-11-27 19:21:34 INFO  [twitterTopicListener-1-C-1] o.a.k.c.c.i.ConsumerCoordinator - [Consumer clientId=consumer-twitterTopicListener-2, groupId=twitterTopicListener] Found no committed offset for partition twitter-topic-1
2023-11-27 19:21:34 INFO  [twitterTopicListener-0-C-1] o.a.k.c.c.i.ConsumerCoordinator - [Consumer clientId=consumer-twitterTopicListener-1, groupId=twitterTopicListener] Found no committed offset for partition twitter-topic-0
2023-11-27 19:21:34 INFO  [twitterTopicListener-0-C-1] o.a.k.c.c.i.SubscriptionState - [Consumer clientId=consumer-twitterTopicListener-1, groupId=twitterTopicListener] Resetting offset for partition twitter-topic-0 to position FetchPosition{offset=1, offsetEpoch=Optional.empty, currentLeader=LeaderAndEpoch{leader=Optional[localhost:19092 (id: 1 rack: null)], epoch=10}}.
2023-11-27 19:21:34 INFO  [twitterTopicListener-2-C-1] o.a.k.c.c.i.SubscriptionState - [Consumer clientId=consumer-twitterTopicListener-3, groupId=twitterTopicListener] Resetting offset for partition twitter-topic-2 to position FetchPosition{offset=2, offsetEpoch=Optional.empty, currentLeader=LeaderAndEpoch{leader=Optional[localhost:19092 (id: 1 rack: null)], epoch=13}}.
2023-11-27 19:21:34 INFO  [twitterTopicListener-1-C-1] o.a.k.c.c.i.SubscriptionState - [Consumer clientId=consumer-twitterTopicListener-2, groupId=twitterTopicListener] Resetting offset for partition twitter-topic-1 to position FetchPosition{offset=6, offsetEpoch=Optional.empty, currentLeader=LeaderAndEpoch{leader=Optional[localhost:19092 (id: 1 rack: null)], epoch=13}}.
2023-11-27 19:21:34 INFO  [twitterTopicListener-2-C-1] o.s.k.l.KafkaMessageListenerContainer - twitterTopicListener: partitions assigned: [twitter-topic-2]
2023-11-27 19:21:34 INFO  [twitterTopicListener-1-C-1] o.s.k.l.KafkaMessageListenerContainer - twitterTopicListener: partitions assigned: [twitter-topic-1]
2023-11-27 19:21:34 INFO  [twitterTopicListener-0-C-1] o.s.k.l.KafkaMessageListenerContainer - twitterTopicListener: partitions assigned: [twitter-topic-0]
2023-11-27 19:21:35 INFO  [twitterTopicListener-2-C-1] c.m.d.k.t.e.s.c.i.TwitterKafkaConsumer - 18 number of message received with key [8543405169499694496, 3533230223051693742, 168316481849583335, 243695327809021671, 8135200932220079753, 7404677041836540885, 7201936403494639133, 1137049075937829227, 7766780989104504362, 8748093732710466514, 2130781351687200062, 8334389133017240211, 8503331424928420704, 1188355245449166440, 1319180961894052609, 1672467743621103298, 7302570699749117422, 3190171677230620299], partitions [2, 2, 2, 2, 2, 2, 2, 2, 2, 2, 2, 2, 2, 2, 2, 2, 2, 2] and offset [2, 3, 4, 5, 6, 7, 8, 9, 10, 11, 12, 13, 14, 15, 16, 17, 18, 19], sending it to elastic: Thread id 32
2023-11-27 19:21:35 INFO  [twitterTopicListener-1-C-1] c.m.d.k.t.e.s.c.i.TwitterKafkaConsumer - 28 number of message received with key [6054110822160279805, 1812570297974891654, 4806445722924852916, 8751208210142983547, 5288459769521334129, 7625518840442793587, 4157647567263796341, 5162147799237058160, 690867594916243190, 7700902370973164486, 4991791507507383045, 6440804153698516002, 4904296425841162604, 2918684686845106734, 3373935158445055284, 5298152733384611206, 3552637566369245617, 8898945129324351581, 3161117432957655521, 7448852609979245899, 7396535372725814186, 5513555989613051761, 4253512643127990692, 5370920119091412914, 7804766306462670852, 5306036846314181152, 7635410053339442506, 7984050988388710934], partitions [1, 1, 1, 1, 1, 1, 1, 1, 1, 1, 1, 1, 1, 1, 1, 1, 1, 1, 1, 1, 1, 1, 1, 1, 1, 1, 1, 1] and offset [6, 7, 8, 9, 10, 11, 12, 13, 14, 15, 16, 17, 18, 19, 20, 21, 22, 23, 24, 25, 26, 27, 28, 29, 30, 31, 32, 33], sending it to elastic: Thread id 30
2023-11-27 19:21:35 INFO  [twitterTopicListener-0-C-1] c.m.d.k.t.e.s.c.i.TwitterKafkaConsumer - 22 number of message received with key [2872318178274515870, 8960399881749189362, 6212992858166458011, 3214453030672138049, 5995521799704041337, 3196261451993985472, 1011167092607660977, 6751935646869395297, 3114959318105590286, 3860216652923223695, 931656031682779854, 5198837521698757397, 3461763885240811963, 9562017098506524, 2846703686505194310, 6972290077737947680, 3483110850209413860, 5612326828089821461, 1327264003640275486, 5196271216187448741, 3980274118999774007, 495488387823967363], partitions [0, 0, 0, 0, 0, 0, 0, 0, 0, 0, 0, 0, 0, 0, 0, 0, 0, 0, 0, 0, 0, 0] and offset [1, 2, 3, 4, 5, 6, 7, 8, 9, 10, 11, 12, 13, 14, 15, 16, 17, 18, 19, 20, 21, 22], sending it to elastic: Thread id 28
2023-11-27 19:21:51 INFO  [twitterTopicListener-0-C-1] o.a.k.c.c.i.ConsumerCoordinator - [Consumer clientId=consumer-twitterTopicListener-1, groupId=twitterTopicListener] Revoke previously assigned partitions twitter-topic-0
2023-11-27 19:21:51 INFO  [twitterTopicListener-1-C-1] o.a.k.c.c.i.ConsumerCoordinator - [Consumer clientId=consumer-twitterTopicListener-2, groupId=twitterTopicListener] Revoke previously assigned partitions twitter-topic-1
2023-11-27 19:21:51 INFO  [twitterTopicListener-2-C-1] o.a.k.c.c.i.ConsumerCoordinator - [Consumer clientId=consumer-twitterTopicListener-3, groupId=twitterTopicListener] Revoke previously assigned partitions twitter-topic-2
2023-11-27 19:21:51 INFO  [twitterTopicListener-2-C-1] o.s.k.l.KafkaMessageListenerContainer - twitterTopicListener: partitions revoked: [twitter-topic-2]
2023-11-27 19:21:51 INFO  [twitterTopicListener-0-C-1] o.s.k.l.KafkaMessageListenerContainer - twitterTopicListener: partitions revoked: [twitter-topic-0]
2023-11-27 19:21:51 INFO  [twitterTopicListener-1-C-1] o.s.k.l.KafkaMessageListenerContainer - twitterTopicListener: partitions revoked: [twitter-topic-1]
2023-11-27 19:21:51 INFO  [twitterTopicListener-2-C-1] o.a.k.c.c.i.ConsumerCoordinator - [Consumer clientId=consumer-twitterTopicListener-3, groupId=twitterTopicListener] Member consumer-twitterTopicListener-3-6f83ab8f-9627-4cfd-bb96-25e257a74550 sending LeaveGroup request to coordinator localhost:19092 (id: 2147483646 rack: null) due to the consumer unsubscribed from all topics
2023-11-27 19:21:51 INFO  [twitterTopicListener-1-C-1] o.a.k.c.c.i.ConsumerCoordinator - [Consumer clientId=consumer-twitterTopicListener-2, groupId=twitterTopicListener] Member consumer-twitterTopicListener-2-b7094490-ccbe-4266-b86e-72cad467f55c sending LeaveGroup request to coordinator localhost:19092 (id: 2147483646 rack: null) due to the consumer unsubscribed from all topics
2023-11-27 19:21:51 INFO  [twitterTopicListener-0-C-1] o.a.k.c.c.i.ConsumerCoordinator - [Consumer clientId=consumer-twitterTopicListener-1, groupId=twitterTopicListener] Member consumer-twitterTopicListener-1-fb0b18dc-fc93-4b25-b16e-1bf3b25808e1 sending LeaveGroup request to coordinator localhost:19092 (id: 2147483646 rack: null) due to the consumer unsubscribed from all topics
2023-11-27 19:21:51 INFO  [twitterTopicListener-0-C-1] o.a.k.c.c.i.ConsumerCoordinator - [Consumer clientId=consumer-twitterTopicListener-1, groupId=twitterTopicListener] Resetting generation due to: consumer pro-actively leaving the group
2023-11-27 19:21:51 INFO  [twitterTopicListener-1-C-1] o.a.k.c.c.i.ConsumerCoordinator - [Consumer clientId=consumer-twitterTopicListener-2, groupId=twitterTopicListener] Resetting generation due to: consumer pro-actively leaving the group
2023-11-27 19:21:51 INFO  [twitterTopicListener-2-C-1] o.a.k.c.c.i.ConsumerCoordinator - [Consumer clientId=consumer-twitterTopicListener-3, groupId=twitterTopicListener] Resetting generation due to: consumer pro-actively leaving the group
2023-11-27 19:21:51 INFO  [twitterTopicListener-0-C-1] o.a.k.c.c.i.ConsumerCoordinator - [Consumer clientId=consumer-twitterTopicListener-1, groupId=twitterTopicListener] Request joining group due to: consumer pro-actively leaving the group
2023-11-27 19:21:51 INFO  [twitterTopicListener-1-C-1] o.a.k.c.c.i.ConsumerCoordinator - [Consumer clientId=consumer-twitterTopicListener-2, groupId=twitterTopicListener] Request joining group due to: consumer pro-actively leaving the group
2023-11-27 19:21:51 INFO  [twitterTopicListener-2-C-1] o.a.k.c.c.i.ConsumerCoordinator - [Consumer clientId=consumer-twitterTopicListener-3, groupId=twitterTopicListener] Request joining group due to: consumer pro-actively leaving the group
2023-11-27 19:21:51 INFO  [twitterTopicListener-0-C-1] o.a.k.clients.consumer.KafkaConsumer - [Consumer clientId=consumer-twitterTopicListener-1, groupId=twitterTopicListener] Unsubscribed all topics or patterns and assigned partitions
2023-11-27 19:21:51 INFO  [twitterTopicListener-2-C-1] o.a.k.clients.consumer.KafkaConsumer - [Consumer clientId=consumer-twitterTopicListener-3, groupId=twitterTopicListener] Unsubscribed all topics or patterns and assigned partitions
2023-11-27 19:21:51 INFO  [twitterTopicListener-1-C-1] o.a.k.clients.consumer.KafkaConsumer - [Consumer clientId=consumer-twitterTopicListener-2, groupId=twitterTopicListener] Unsubscribed all topics or patterns and assigned partitions
2023-11-27 19:21:51 INFO  [twitterTopicListener-0-C-1] o.a.k.c.c.i.ConsumerCoordinator - [Consumer clientId=consumer-twitterTopicListener-1, groupId=twitterTopicListener] Resetting generation due to: consumer pro-actively leaving the group
2023-11-27 19:21:51 INFO  [twitterTopicListener-2-C-1] o.a.k.c.c.i.ConsumerCoordinator - [Consumer clientId=consumer-twitterTopicListener-3, groupId=twitterTopicListener] Resetting generation due to: consumer pro-actively leaving the group
2023-11-27 19:21:51 INFO  [twitterTopicListener-1-C-1] o.a.k.c.c.i.ConsumerCoordinator - [Consumer clientId=consumer-twitterTopicListener-2, groupId=twitterTopicListener] Resetting generation due to: consumer pro-actively leaving the group
2023-11-27 19:21:51 INFO  [twitterTopicListener-0-C-1] o.a.k.c.c.i.ConsumerCoordinator - [Consumer clientId=consumer-twitterTopicListener-1, groupId=twitterTopicListener] Request joining group due to: consumer pro-actively leaving the group
2023-11-27 19:21:51 INFO  [twitterTopicListener-2-C-1] o.a.k.c.c.i.ConsumerCoordinator - [Consumer clientId=consumer-twitterTopicListener-3, groupId=twitterTopicListener] Request joining group due to: consumer pro-actively leaving the group
2023-11-27 19:21:51 INFO  [twitterTopicListener-1-C-1] o.a.k.c.c.i.ConsumerCoordinator - [Consumer clientId=consumer-twitterTopicListener-2, groupId=twitterTopicListener] Request joining group due to: consumer pro-actively leaving the group
2023-11-27 19:21:51 INFO  [twitterTopicListener-0-C-1] o.a.kafka.common.metrics.Metrics - Metrics scheduler closed
2023-11-27 19:21:51 INFO  [twitterTopicListener-2-C-1] o.a.kafka.common.metrics.Metrics - Metrics scheduler closed
2023-11-27 19:21:51 INFO  [twitterTopicListener-0-C-1] o.a.kafka.common.metrics.Metrics - Closing reporter org.apache.kafka.common.metrics.JmxReporter
2023-11-27 19:21:51 INFO  [twitterTopicListener-2-C-1] o.a.kafka.common.metrics.Metrics - Closing reporter org.apache.kafka.common.metrics.JmxReporter
2023-11-27 19:21:51 INFO  [twitterTopicListener-0-C-1] o.a.kafka.common.metrics.Metrics - Metrics reporters closed
2023-11-27 19:21:51 INFO  [twitterTopicListener-2-C-1] o.a.kafka.common.metrics.Metrics - Metrics reporters closed
2023-11-27 19:21:51 INFO  [twitterTopicListener-1-C-1] o.a.kafka.common.metrics.Metrics - Metrics scheduler closed
2023-11-27 19:21:51 INFO  [twitterTopicListener-1-C-1] o.a.kafka.common.metrics.Metrics - Closing reporter org.apache.kafka.common.metrics.JmxReporter
2023-11-27 19:21:51 INFO  [twitterTopicListener-1-C-1] o.a.kafka.common.metrics.Metrics - Metrics reporters closed
2023-11-27 19:21:51 INFO  [twitterTopicListener-2-C-1] o.a.kafka.common.utils.AppInfoParser - App info kafka.consumer for consumer-twitterTopicListener-3 unregistered
2023-11-27 19:21:51 INFO  [twitterTopicListener-0-C-1] o.a.kafka.common.utils.AppInfoParser - App info kafka.consumer for consumer-twitterTopicListener-1 unregistered
2023-11-27 19:21:51 INFO  [twitterTopicListener-2-C-1] o.s.k.l.KafkaMessageListenerContainer - twitterTopicListener: Consumer stopped
2023-11-27 19:21:51 INFO  [twitterTopicListener-0-C-1] o.s.k.l.KafkaMessageListenerContainer - twitterTopicListener: Consumer stopped
2023-11-27 19:21:51 INFO  [twitterTopicListener-1-C-1] o.a.kafka.common.utils.AppInfoParser - App info kafka.consumer for consumer-twitterTopicListener-2 unregistered
2023-11-27 19:21:51 INFO  [twitterTopicListener-1-C-1] o.s.k.l.KafkaMessageListenerContainer - twitterTopicListener: Consumer stopped
2023-11-27 19:21:51 INFO  [kafka-admin-client-thread | adminclient-1] o.a.kafka.common.utils.AppInfoParser - App info kafka.admin.client for adminclient-1 unregistered
2023-11-27 19:21:51 INFO  [kafka-admin-client-thread | adminclient-1] o.a.kafka.common.metrics.Metrics - Metrics scheduler closed
2023-11-27 19:21:51 INFO  [kafka-admin-client-thread | adminclient-1] o.a.kafka.common.metrics.Metrics - Closing reporter org.apache.kafka.common.metrics.JmxReporter
2023-11-27 19:21:51 INFO  [kafka-admin-client-thread | adminclient-1] o.a.kafka.common.metrics.Metrics - Metrics reporters closed
